2025-08-06 08:20:04
ID ACCOUNT: ZJ5X-XV9L-LMYG
NẠP GÓI: GÓI BÁN NHANH
SERI: 7C0116527996
MÃ THẺ: AP3M3HAN8
TRẠNG THÁI:
{
    "success": true,
    "message": "Tạo Đơn Hàng Thành Công",
    "data": {
        "returnCode": 1,
        "returnMessage": "Thành công",
        "returnMessage_": "SUCCESS",
        "data": {
            "orderNumber": 3026703728095928320,
            "orderNumberStr": "3026703728095928320",
            "orderNumberEncoded": "10753-00769-10626-08192",
            "orderStatusMessage": "PAYMENT_PAY_IN_PROGRESS",
            "orderDisplayMessage": "PAYMENT_PAY_IN_PROGRESS",
            "feActionType": "RESULT",
            "dbgTransID": "250806082002303",
            "dbgStatus": "6",
            "isNotifyAgreement": false,
            "isMultiAgreement": false
        }
    }
}

2025-08-06 11:09:18
ID ACCOUNT: DK2T-TV9L-LMGG
NẠP GÓI: GÓI BÁN NHANH
SERI: 7C0116527997
MÃ THẺ: 36WYPAW3X
TRẠNG THÁI:
{
    "success": true,
    "message": "Tạo Đơn Hàng Thành Công",
    "data": {
        "returnCode": 1,
        "returnMessage": "Thành công",
        "returnMessage_": "SUCCESS",
        "data": {
            "orderNumber": 3026788911650316288,
            "orderNumberStr": "3026788911650316288",
            "orderNumberEncoded": "10753-20602-33026-08192",
            "orderStatusMessage": "PAYMENT_PAY_IN_PROGRESS",
            "orderDisplayMessage": "PAYMENT_PAY_IN_PROGRESS",
            "feActionType": "RESULT",
            "dbgTransID": "250806110917302",
            "dbgStatus": "6",
            "isNotifyAgreement": false,
            "isMultiAgreement": false
        }
    }
}

2025-08-06 11:10:22
ID ACCOUNT: AJ8T-TV9L-LMYG
NẠP GÓI: GÓI BÁN NHANH
SERI: 9C0116527993
MÃ THẺ: NYPH8933W
TRẠNG THÁI:
{
    "success": true,
    "message": "Tạo Đơn Hàng Thành Công",
    "data": {
        "returnCode": 1,
        "returnMessage": "Thành công",
        "returnMessage_": "SUCCESS",
        "data": {
            "orderNumber": 3026789440786948096,
            "orderNumberStr": "3026789440786948096",
            "orderNumberEncoded": "10753-20725-46082-24576",
            "orderStatusMessage": "PAYMENT_PAY_IN_PROGRESS",
            "orderDisplayMessage": "PAYMENT_PAY_IN_PROGRESS",
            "feActionType": "RESULT",
            "dbgTransID": "250806111020302",
            "dbgStatus": "6",
            "isNotifyAgreement": false,
            "isMultiAgreement": false
        }
    }
}

2025-08-06 11:46:32
ID ACCOUNT: WMCH-HSZL-LMYY
NẠP GÓI: GÓI BÁN NHANH
SERI: AC0116527995
MÃ THẺ: J7MMJXXNH
TRẠNG THÁI:
{
    "success": true,
    "message": "Tạo Đơn Hàng Thành Công",
    "data": {
        "returnCode": 1,
        "returnMessage": "Thành công",
        "returnMessage_": "SUCCESS",
        "data": {
            "orderNumber": 3026807650139643904,
            "orderNumberStr": "3026807650139643904",
            "orderNumberEncoded": "10753-24965-26114-08192",
            "orderStatusMessage": "PAYMENT_PAY_IN_PROGRESS",
            "orderDisplayMessage": "PAYMENT_PAY_IN_PROGRESS",
            "feActionType": "RESULT",
            "dbgTransID": "250806114631402",
            "dbgStatus": "6",
            "isNotifyAgreement": false,
            "isMultiAgreement": false
        }
    }
}

[2025-08-06 13:32:29] CHECK PLUS: DK8Z-HSRL-LMYU
[2025-08-06 13:32:32] CHECK PLUS RESPONSE: {"success":true,"has_plus":true,"product_name":"Thành viên Plus (7 Ngày)","price":20000}

2025-08-06 13:32:41
ID ACCOUNT: DK8Z-HSRL-LMYU
NẠP GÓI: GÓI PLUS 7 NGÀY
SERI: DC0116527990
MÃ THẺ: 897BPXMKJ
TRẠNG THÁI:
{
    "success": true,
    "message": "Tạo Đơn Hàng Thành Công",
    "data": {
        "returnCode": 1,
        "returnMessage": "Thành công",
        "returnMessage_": "SUCCESS",
        "data": {
            "orderNumber": 3026861077544706048,
            "orderNumberStr": "3026861077544706048",
            "orderNumberEncoded": "10753-37404-61314-08192",
            "orderStatusMessage": "PAYMENT_PAY_IN_PROGRESS",
            "orderDisplayMessage": "PAYMENT_PAY_IN_PROGRESS",
            "feActionType": "RESULT",
            "dbgTransID": "250806133240302",
            "dbgStatus": "6",
            "isNotifyAgreement": false,
            "isMultiAgreement": false
        }
    }
}

[2025-08-06 20:16:38] CHECK PLUS: RMDT-VUHL-LMYY
[2025-08-06 20:16:40] CHECK PLUS RESPONSE: {"success":true,"has_plus":true,"product_name":"Thành viên Plus (7 Ngày)","price":20000}

[2025-08-06 21:03:14] CHECK PLUS: DK8C-H5HL-LMGC
[2025-08-06 21:03:18] CHECK PLUS RESPONSE: {"success":true,"has_plus":true,"product_name":"Thành viên Plus (7 Ngày)","price":20000}

[2025-08-07 10:36:14] CHECK PLUS: 5K4B-XSZL-LMYY
[2025-08-07 10:36:16] CHECK PLUS RESPONSE: {"success":true,"has_plus":true,"product_name":"Thành viên Plus (7 Ngày)","price":20000}

[2025-08-07 12:36:11] CHECK PLUS: 8L7Z-BSRL-LMGU
[2025-08-07 12:36:14] CHECK PLUS RESPONSE: {"success":true,"has_plus":true,"product_name":"Thành viên Plus (7 Ngày)","price":20000}

[2025-08-07 12:53:23] CHECK PLUS: UKBX-XVHL-LMYY
[2025-08-07 12:53:26] CHECK PLUS RESPONSE: {"success":true,"has_plus":true,"product_name":"Thành viên Plus (7 Ngày)","price":20000}

[2025-08-07 19:40:27] CHECK PLUS: TL6X-Z59L-LMYU
[2025-08-07 19:40:30] CHECK PLUS RESPONSE: {"success":true,"has_plus":false,"message":"Không Tìm Thấy Gói Plus"}

[2025-08-07 22:18:36] CHECK PLUS: LM6C-BCHL-LMGY
[2025-08-07 22:18:39] CHECK PLUS RESPONSE: {"success":true,"has_plus":true,"product_name":"Thành viên Plus (7 Ngày)","price":20000}

[2025-08-08 00:30:20] CHECK PLUS: MJ9G-XDRL-LMYY
[2025-08-08 00:30:23] CHECK PLUS RESPONSE: {"success":true,"has_plus":true,"product_name":"Thành viên Plus (7 Ngày)","price":20000}

[2025-08-08 13:37:00] CHECK PLUS: FMAG-H59L-LMYY
[2025-08-08 13:37:03] CHECK PLUS RESPONSE: {"success":true,"has_plus":true,"product_name":"Thành viên Plus (7 Ngày)","price":20000}

[2025-08-08 13:40:31] CHECK PLUS: GKBY-BDHL-LMYG
[2025-08-08 13:40:34] CHECK PLUS RESPONSE: {"success":true,"has_plus":true,"product_name":"Thành viên Plus (7 Ngày)","price":20000}

[2025-08-09 11:26:11] CHECK PLUS: NL4E-HDZL-LMYC
[2025-08-09 11:26:14] CHECK PLUS RESPONSE: {"success":true,"has_plus":false,"message":"Không Tìm Thấy Gói Plus"}

[2025-08-10 07:22:49] CHECK PLUS: CK6D-AL9L-LMYU
[2025-08-10 07:22:52] CHECK PLUS RESPONSE: {"success":true,"has_plus":true,"product_name":"Thành viên Plus (7 Ngày)","price":20000}

[2025-08-10 12:12:58] CHECK PLUS: FLBZ-HSRL-LMYY
[2025-08-10 12:13:00] CHECK PLUS RESPONSE: {"success":true,"has_plus":true,"product_name":"Thành viên Plus (7 Ngày)","price":20000}

[2025-08-10 18:58:03] CHECK PLUS: SKHF-HSZL-LMGG
[2025-08-10 18:58:06] CHECK PLUS RESPONSE: {"success":true,"has_plus":true,"product_name":"Thành viên Plus (7 Ngày)","price":20000}

[2025-08-11 18:46:02] CHECK PLUS: 8K9A-XSZL-LMGY
[2025-08-11 18:46:05] CHECK PLUS RESPONSE: {"success":true,"has_plus":false,"message":"Không Tìm Thấy Gói Plus"}

[2025-08-11 23:48:01] CHECK PLUS: SKHF-HSZL-LMGG
[2025-08-11 23:48:04] CHECK PLUS RESPONSE: {"success":true,"has_plus":false,"message":"Không Tìm Thấy Gói Plus"}

[2025-08-12 07:06:42] CHECK PLUS: YJ9V-BSHL-LMYG
[2025-08-12 07:06:44] CHECK PLUS RESPONSE: {"success":true,"has_plus":false,"message":"Không Tìm Thấy Gói Plus"}

[2025-08-12 21:50:37] CHECK PLUS: KKCA-HB9L-LMGY
[2025-08-12 21:50:39] CHECK PLUS RESPONSE: {"success":true,"has_plus":false,"message":"Không Tìm Thấy Gói Plus"}

[2025-08-13 08:20:11] CHECK PLUS: 4J8W-FSRL-LMGG
[2025-08-13 08:20:14] CHECK PLUS RESPONSE: {"success":true,"has_plus":true,"product_name":"Thành viên Plus (7 Ngày)","price":20000}

[2025-08-13 13:07:02] CHECK PLUS: EJ6F-DD9L-LMYU
[2025-08-13 13:07:05] CHECK PLUS RESPONSE: {"success":true,"has_plus":true,"product_name":"Thành viên Plus (7 Ngày)","price":20000}

[2025-08-13 13:42:44] CHECK PLUS: TKHU-VVRL-LMGU
[2025-08-13 13:42:47] CHECK PLUS RESPONSE: {"success":true,"has_plus":true,"product_name":"Thành viên Plus (7 Ngày)","price":20000}

[2025-08-13 13:47:34] CHECK PLUS: YMCE-BSZL-LMYY
[2025-08-13 13:47:37] CHECK PLUS RESPONSE: {"success":true,"has_plus":true,"product_name":"Thành viên Plus (7 Ngày)","price":20000}

[2025-08-13 18:39:03] CHECK PLUS: 4LCZ-XVZL-LMYY
[2025-08-13 18:39:05] CHECK PLUS RESPONSE: {"success":true,"has_plus":true,"product_name":"Thành viên Plus (7 Ngày)","price":20000}

[2025-08-13 19:26:40] CHECK PLUS: PJ4B-B3ZL-LMYY
[2025-08-13 19:26:43] CHECK PLUS RESPONSE: {"success":true,"has_plus":true,"product_name":"Thành viên Plus (7 Ngày)","price":20000}

[2025-08-13 19:27:05] CHECK PLUS: EJ6F-DD9L-LMYU
[2025-08-13 19:27:08] CHECK PLUS RESPONSE: {"success":true,"has_plus":true,"product_name":"Thành viên Plus (7 Ngày)","price":20000}

[2025-08-13 19:27:18] CHECK PLUS: TKHU-VVRL-LMGU
[2025-08-13 19:27:21] CHECK PLUS RESPONSE: {"success":true,"has_plus":true,"product_name":"Thành viên Plus (7 Ngày)","price":20000}

[2025-08-13 19:27:30] CHECK PLUS: YMCE-BSZL-LMYY
[2025-08-13 19:27:33] CHECK PLUS RESPONSE: {"success":true,"has_plus":true,"product_name":"Thành viên Plus (7 Ngày)","price":20000}

[2025-08-13 19:27:46] CHECK PLUS: 4LCZ-XVZL-LMYY
[2025-08-13 19:27:48] CHECK PLUS RESPONSE: {"success":true,"has_plus":true,"product_name":"Thành viên Plus (7 Ngày)","price":20000}

[2025-08-13 19:36:25] CHECK PLUS: WM3U-FVRL-LMYC
[2025-08-13 19:36:27] CHECK PLUS RESPONSE: {"success":true,"has_plus":true,"product_name":"Thành viên Plus (7 Ngày)","price":20000}

[2025-08-13 20:00:00] CHECK PLUS: DK8C-H5HL-LMGC
[2025-08-13 20:00:02] CHECK PLUS RESPONSE: {"success":true,"has_plus":false,"message":"Không Tìm Thấy Gói Plus"}

[2025-08-13 20:33:04] CHECK PLUS: PJDC-VSZL-LMGG
[2025-08-13 20:33:07] CHECK PLUS RESPONSE: {"success":true,"has_plus":true,"product_name":"Thành viên Plus (7 Ngày)","price":20000}

[2025-08-14 09:29:01] CHECK PLUS: YJ9V-BSHL-LMYG
[2025-08-14 09:29:04] CHECK PLUS RESPONSE: {"success":true,"has_plus":false,"message":"Không Tìm Thấy Gói Plus"}

[2025-08-14 17:24:12] CHECK PLUS: DK8C-H5HL-LMGC
[2025-08-14 17:24:15] CHECK PLUS RESPONSE: {"success":true,"has_plus":false,"message":"Không Tìm Thấy Gói Plus"}

[2025-08-14 17:25:27] CHECK PLUS: DK8C-H5HL-LMGC
[2025-08-14 17:25:30] CHECK PLUS RESPONSE: {"success":true,"has_plus":false,"message":"Không Tìm Thấy Gói Plus"}

[2025-08-14 17:25:39] CHECK PLUS: DK8C-H5HL-LMGC
[2025-08-14 17:25:42] CHECK PLUS RESPONSE: {"success":true,"has_plus":false,"message":"Không Tìm Thấy Gói Plus"}

[2025-08-14 17:25:48] CHECK PLUS: DK8C-H5HL-LMGC
[2025-08-14 17:25:52] CHECK PLUS RESPONSE: {"success":true,"has_plus":false,"message":"Không Tìm Thấy Gói Plus"}

[2025-08-14 17:31:43] CHECK PLUS: DK8C-H5HL-LMGC
[2025-08-14 17:31:46] CHECK PLUS RESPONSE: {"success":true,"has_plus":false,"message":"Không Tìm Thấy Gói Plus"}

[2025-08-14 17:32:59] CHECK PLUS: DK8C-H5HL-LMGC
[2025-08-14 17:33:02] CHECK PLUS RESPONSE: {"success":true,"has_plus":false,"message":"Không Tìm Thấy Gói Plus"}

[2025-08-14 17:41:43] CHECK PLUS: DK8C-H5HL-LMGC
[2025-08-14 17:41:46] CHECK PLUS RESPONSE: {"success":true,"has_plus":false,"message":"Không Tìm Thấy Gói Plus"}

[2025-08-14 17:42:03] CHECK PLUS: DK8C-H5HL-LMGC
[2025-08-14 17:42:06] CHECK PLUS RESPONSE: {"success":true,"has_plus":false,"message":"Không Tìm Thấy Gói Plus"}

[2025-08-14 17:42:45] CHECK PLUS: DK8C-H5HL-LMGC
[2025-08-14 17:42:48] CHECK PLUS RESPONSE: {"success":true,"has_plus":false,"message":"Không Tìm Thấy Gói Plus"}

[2025-08-14 18:24:13] CHECK PLUS: DK8C-H5HL-LMGC
[2025-08-14 18:24:16] CHECK PLUS RESPONSE: {"success":true,"has_plus":false,"message":"Không Tìm Thấy Gói Plus"}

[2025-08-14 18:26:58] CHECK PLUS: DK8C-H5HL-LMGC
[2025-08-14 18:27:01] CHECK PLUS RESPONSE: {"success":true,"has_plus":false,"message":"Không Tìm Thấy Gói Plus"}

[2025-08-14 18:32:08] CHECK PLUS: DK8C-H5HL-LMGC
[2025-08-14 18:32:10] CHECK PLUS RESPONSE: {"success":true,"has_plus":false,"message":"Không Tìm Thấy Gói Plus"}

[2025-08-14 18:59:55] CHECK PLUS: DK8C-H5HL-LMGC
[2025-08-14 18:59:58] CHECK PLUS RESPONSE: {"success":true,"has_plus":false,"message":"Không Tìm Thấy Gói Plus"}

[2025-08-14 19:58:45] CHECK PLUS: TL6X-Z59L-LMYU
[2025-08-14 19:58:48] CHECK PLUS RESPONSE: {"success":true,"has_plus":false,"message":"Không Tìm Thấy Gói Plus"}

[2025-08-14 20:09:11] CHECK PLUS: TL6X-Z59L-LMYU
[2025-08-14 20:09:13] CHECK PLUS RESPONSE: {"success":true,"has_plus":true,"product_name":"Thành viên Plus (7 Ngày)","price":20000}

[2025-08-14 22:12:32] CHECK PLUS: QM7G-YDRL-LMYY
[2025-08-14 22:12:35] CHECK PLUS RESPONSE: {"success":true,"has_plus":true,"product_name":"Thành viên Plus (7 Ngày)","price":20000}

[2025-08-14 22:39:23] CHECK PLUS: DK8C-H5HL-LMGC
[2025-08-14 22:39:26] CHECK PLUS RESPONSE: {"success":true,"has_plus":true,"product_name":"Thành viên Plus (7 Ngày)","price":20000}

[2025-08-15 18:57:06] CHECK PLUS: SKHF-HSZL-LMGG
[2025-08-15 18:57:09] CHECK PLUS RESPONSE: {"success":true,"has_plus":true,"product_name":"Thành viên Plus (7 Ngày)","price":20000}

[2025-08-15 19:23:51] CHECK PLUS: 7MAD-FSZL-LMYC
[2025-08-15 19:23:53] CHECK PLUS RESPONSE: {"success":true,"has_plus":true,"product_name":"Thành viên Plus (7 Ngày)","price":20000}

[2025-08-15 22:51:47] CHECK PLUS: 4JFS-XVRL-LMYG
[2025-08-15 22:51:50] CHECK PLUS RESPONSE: {"success":true,"has_plus":true,"product_name":"Thành viên Plus (7 Ngày)","price":20000}

[2025-08-17 16:22:38] CHECK PLUS: NJBC-HSZL-LMGU
[2025-08-17 16:22:40] CHECK PLUS RESPONSE: {"success":true,"has_plus":true,"product_name":"Thành viên Plus (7 Ngày)","price":20000}

[2025-08-17 18:45:02] CHECK PLUS: DKCF-B4RL-LMGU
[2025-08-17 18:45:05] CHECK PLUS RESPONSE: {"success":true,"has_plus":true,"product_name":"Thành viên Plus (7 Ngày)","price":20000}

[2025-08-17 20:44:07] CHECK PLUS: TK8E-FSZL-LMYY
[2025-08-17 20:44:10] CHECK PLUS RESPONSE: {"success":true,"has_plus":true,"product_name":"Thành viên Plus (7 Ngày)","price":20000}

[2025-08-17 23:11:45] CHECK PLUS: DJ2Z-DV9L-LMYU
[2025-08-17 23:11:48] CHECK PLUS RESPONSE: {"success":true,"has_plus":true,"product_name":"Thành viên Plus (7 Ngày)","price":20000}

[2025-08-18 09:01:04] CHECK PLUS: BMHV-SDZL-LMGC
[2025-08-18 09:01:07] CHECK PLUS RESPONSE: {"success":true,"has_plus":false,"message":"Không Tìm Thấy Gói Plus"}

[2025-08-18 09:17:37] CHECK PLUS: AL4B-HSZL-LMGC
[2025-08-18 09:17:40] CHECK PLUS RESPONSE: {"success":true,"has_plus":true,"product_name":"Thành viên Plus (7 Ngày)","price":20000}

[2025-08-18 13:53:20] CHECK PLUS: NM9B-ZSZL-LMGU
[2025-08-18 13:53:23] CHECK PLUS RESPONSE: {"success":true,"has_plus":true,"product_name":"Thành viên Plus (7 Ngày)","price":20000}

[2025-08-18 18:23:24] CHECK PLUS: DK8Z-HSRL-LMYU
[2025-08-18 18:23:27] CHECK PLUS RESPONSE: {"success":true,"has_plus":true,"product_name":"Thành viên Plus (7 Ngày)","price":20000}

[2025-08-18 18:44:17] CHECK PLUS: CLEZ-HURL-LMGG
[2025-08-18 18:44:20] CHECK PLUS RESPONSE: {"success":true,"has_plus":true,"product_name":"Thành viên Plus (7 Ngày)","price":20000}

[2025-08-18 20:59:22] CHECK PLUS: NKGU-VV9L-LMGY
[2025-08-18 20:59:25] CHECK PLUS RESPONSE: {"success":true,"has_plus":true,"product_name":"Thành viên Plus (7 Ngày)","price":20000}

[2025-08-19 18:44:51] CHECK PLUS: GK7Z-TSRL-LMGC
[2025-08-19 18:44:53] CHECK PLUS RESPONSE: {"success":true,"has_plus":true,"product_name":"Thành viên Plus (7 Ngày)","price":20000}

[2025-08-19 21:04:31] CHECK PLUS: NL6X-FUHL-LMGG
[2025-08-19 21:04:34] CHECK PLUS RESPONSE: {"success":true,"has_plus":true,"product_name":"Thành viên Plus (7 Ngày)","price":20000}

[2025-08-20 15:03:57] CHECK PLUS: DJFU-VVRL-LMYY
[2025-08-20 15:04:00] CHECK PLUS RESPONSE: {"success":true,"has_plus":true,"product_name":"Thành viên Plus (7 Ngày)","price":20000}

[2025-08-20 15:45:55] CHECK PLUS: DJFU-VVRL-LMYY
[2025-08-20 15:45:57] CHECK PLUS RESPONSE: {"success":true,"has_plus":true,"product_name":"Thành viên Plus (7 Ngày)","price":20000}

[2025-08-20 20:05:03] CHECK PLUS: GMDS-DD9L-LMGC
[2025-08-20 20:05:05] CHECK PLUS RESPONSE: {"success":true,"has_plus":true,"product_name":"Thành viên Plus (7 Ngày)","price":20000}

[2025-08-20 20:42:41] CHECK PLUS: WM3U-FVRL-LMYC
[2025-08-20 20:42:43] CHECK PLUS RESPONSE: {"success":true,"has_plus":true,"product_name":"Thành viên Plus (7 Ngày)","price":20000}

[2025-08-20 21:44:43] CHECK PLUS: LL9C-VSZL-LMYY
[2025-08-20 21:44:46] CHECK PLUS RESPONSE: {"success":true,"has_plus":true,"product_name":"Thành viên Plus (7 Ngày)","price":20000}

[2025-08-20 22:39:23] CHECK PLUS: MJ9G-XDRL-LMYY
[2025-08-20 22:39:26] CHECK PLUS RESPONSE: {"success":true,"has_plus":true,"product_name":"Thành viên Plus (7 Ngày)","price":20000}

[2025-08-21 17:49:42] CHECK PLUS: PJ4B-B3ZL-LMYY
[2025-08-21 17:49:45] CHECK PLUS RESPONSE: {"success":true,"has_plus":true,"product_name":"Thành viên Plus (7 Ngày)","price":20000}

[2025-08-21 17:50:01] CHECK PLUS: PJDC-VSZL-LMGG
[2025-08-21 17:50:03] CHECK PLUS RESPONSE: {"success":true,"has_plus":true,"product_name":"Thành viên Plus (7 Ngày)","price":20000}

[2025-08-21 17:58:08] CHECK PLUS: PJDC-VSZL-LMGG
[2025-08-21 17:58:11] CHECK PLUS RESPONSE: {"success":true,"has_plus":true,"product_name":"Thành viên Plus (7 Ngày)","price":20000}

[2025-08-22 08:29:31] CHECK PLUS: GJ6A-Z4ZL-LMYY
[2025-08-22 08:29:35] CHECK PLUS RESPONSE: {"success":true,"has_plus":true,"product_name":"Thành viên Plus (7 Ngày)","price":20000}

[2025-08-22 13:29:10] CHECK PLUS: YMCE-BSZL-LMYY
[2025-08-22 13:29:13] CHECK PLUS RESPONSE: {"success":true,"has_plus":true,"product_name":"Thành viên Plus (7 Ngày)","price":20000}

[2025-08-22 21:46:53] CHECK PLUS: BMHV-SDZL-LMGC
[2025-08-22 21:46:56] CHECK PLUS RESPONSE: {"success":true,"has_plus":false,"message":"Không Tìm Thấy Gói Plus"}

[2025-08-22 21:47:04] CHECK PLUS: BMHV-SDZL-LMGC
[2025-08-22 21:47:07] CHECK PLUS RESPONSE: {"success":true,"has_plus":false,"message":"Không Tìm Thấy Gói Plus"}

[2025-08-23 19:17:27] CHECK PLUS: 2K6X-U5ZL-LMGU
[2025-08-23 19:17:30] CHECK PLUS RESPONSE: {"success":true,"has_plus":false,"message":"Không Tìm Thấy Gói Plus"}

[2025-08-23 19:55:22] CHECK PLUS: 9K4D-DB9L-LMGG
[2025-08-23 19:55:25] CHECK PLUS RESPONSE: {"success":true,"has_plus":true,"product_name":"Thành viên Plus (7 Ngày)","price":20000}

[2025-08-24 18:52:44] CHECK PLUS: DKHC-B4RL-LMYU
[2025-08-24 18:52:47] CHECK PLUS RESPONSE: {"success":true,"has_plus":true,"product_name":"Thành viên Plus (7 Ngày)","price":20000}

[2025-08-25 07:23:32] CHECK PLUS: AKCC-S2RL-LMYY
[2025-08-25 07:23:35] CHECK PLUS RESPONSE: {"success":true,"has_plus":false,"message":"Không Tìm Thấy Gói Plus"}

[2025-08-25 11:45:54] CHECK PLUS: TK8E-FSZL-LMYY
[2025-08-25 11:45:57] CHECK PLUS RESPONSE: {"success":true,"has_plus":false,"message":"Không Tìm Thấy Gói Plus"}

[2025-08-25 19:46:44] CHECK PLUS: CLAA-FSRL-LMGU
[2025-08-25 19:46:46] CHECK PLUS RESPONSE: {"success":true,"has_plus":true,"product_name":"Thành viên Plus (7 Ngày)","price":20000}

[2025-08-25 21:36:04] CHECK PLUS: FLAG-HSRL-LMGU
[2025-08-25 21:36:07] CHECK PLUS RESPONSE: {"success":true,"has_plus":false,"message":"Không Tìm Thấy Gói Plus"}

[2025-08-25 22:21:13] CHECK PLUS: GKCU-H5ZL-LMGU
[2025-08-25 22:21:16] CHECK PLUS RESPONSE: {"success":true,"has_plus":false,"message":"Không Tìm Thấy Gói Plus"}

[2025-08-25 22:21:26] CHECK PLUS: GKCU-H5ZL-LMGU
[2025-08-25 22:21:29] CHECK PLUS RESPONSE: {"success":true,"has_plus":false,"message":"Không Tìm Thấy Gói Plus"}

[2025-08-26 10:24:16] CHECK PLUS: MKEF-D5RL-LMYU
[2025-08-26 10:24:19] CHECK PLUS RESPONSE: {"success":true,"has_plus":true,"product_name":"Thành viên Plus (7 Ngày)","price":20000}

[2025-08-26 12:27:53] CHECK PLUS: QJCH-XSZL-LMGY
[2025-08-26 12:27:56] CHECK PLUS RESPONSE: {"success":true,"has_plus":true,"product_name":"Thành viên Plus (7 Ngày)","price":20000}

[2025-08-26 12:47:01] CHECK PLUS: 2M8E-DDZL-LMGY
[2025-08-26 12:47:03] CHECK PLUS RESPONSE: {"success":true,"has_plus":true,"product_name":"Thành viên Plus (7 Ngày)","price":20000}

[2025-08-26 21:22:57] CHECK PLUS: NL6X-FUHL-LMGG
[2025-08-26 21:22:59] CHECK PLUS RESPONSE: {"success":true,"has_plus":false,"message":"Không Tìm Thấy Gói Plus"}

[2025-08-26 23:20:28] CHECK PLUS: NJFU-HUZL-LMGU
[2025-08-26 23:20:31] CHECK PLUS RESPONSE: {"success":true,"has_plus":true,"product_name":"Thành viên Plus (7 Ngày)","price":20000}

[2025-08-27 09:59:13] CHECK PLUS: 4JFV-HS9L-LMGY
[2025-08-27 09:59:15] CHECK PLUS RESPONSE: {"success":true,"has_plus":true,"product_name":"Thành viên Plus (7 Ngày)","price":20000}

[2025-08-28 10:38:15] CHECK PLUS: GKCU-H5ZL-LMGU
[2025-08-28 10:38:17] CHECK PLUS RESPONSE: {"success":true,"has_plus":false,"message":"Không Tìm Thấy Gói Plus"}

[2025-08-28 10:38:31] CHECK PLUS: GKCU-H5ZL-LMGU
[2025-08-28 10:38:35] CHECK PLUS RESPONSE: {"success":true,"has_plus":false,"message":"Không Tìm Thấy Gói Plus"}

[2025-08-28 10:39:05] CHECK PLUS: GKCU-H5ZL-LMGU
[2025-08-28 10:39:15] CHECK PLUS RESPONSE: {"success":true,"has_plus":false,"message":"Không Tìm Thấy Gói Plus"}

[2025-08-28 10:45:21] CHECK PLUS: TK8E-FSZL-LMYY
[2025-08-28 10:45:26] CHECK PLUS RESPONSE: {"success":true,"has_plus":false,"message":"Không Tìm Thấy Gói Plus"}

[2025-08-28 11:47:15] CHECK PLUS: MJ9G-XDRL-LMYY
[2025-08-28 11:47:18] CHECK PLUS RESPONSE: {"success":true,"has_plus":false,"message":"Không Tìm Thấy Gói Plus"}

[2025-08-28 11:47:43] CHECK PLUS: MJ9G-XDRL-LMYY
[2025-08-28 11:47:48] CHECK PLUS RESPONSE: {"success":true,"has_plus":false,"message":"Không Tìm Thấy Gói Plus"}

[2025-08-28 11:48:15] CHECK PLUS: GJ6A-Z4ZL-LMYY
[2025-08-28 11:48:18] CHECK PLUS RESPONSE: {"success":true,"has_plus":false,"message":"Không Tìm Thấy Gói Plus"}

[2025-08-28 11:49:09] CHECK PLUS: MJ9G-XDRL-LMYY
[2025-08-28 11:49:12] CHECK PLUS RESPONSE: {"success":true,"has_plus":false,"message":"Không Tìm Thấy Gói Plus"}

[2025-08-28 11:50:43] CHECK PLUS: DL3Z-HSRL-LMYG
[2025-08-28 11:50:58] CHECK PLUS RESPONSE: {"success":true,"has_plus":false,"message":"Không Tìm Thấy Gói Plus"}

[2025-08-28 11:51:10] CHECK PLUS: DL3Z-HSRL-LMYG
[2025-08-28 11:51:12] CHECK PLUS RESPONSE: {"success":true,"has_plus":false,"message":"Không Tìm Thấy Gói Plus"}

[2025-08-28 11:51:40] CHECK PLUS: DL3Z-HSRL-LMYG
[2025-08-28 11:51:43] CHECK PLUS RESPONSE: {"success":true,"has_plus":false,"message":"Không Tìm Thấy Gói Plus"}

[2025-08-28 12:03:39] CHECK PLUS: GKCU-H5ZL-LMGU
[2025-08-28 12:03:42] CHECK PLUS RESPONSE: {"success":true,"has_plus":false,"message":"Không Tìm Thấy Gói Plus"}

[2025-08-28 20:00:43] CHECK PLUS: SKEU-V2ZL-LMYU
[2025-08-28 20:00:46] CHECK PLUS RESPONSE: {"success":true,"has_plus":true,"product_name":"Thành viên Plus (7 Ngày)","price":20000}

[2025-08-28 22:35:53] CHECK PLUS: GKCU-H5ZL-LMGU
[2025-08-28 22:35:55] CHECK PLUS RESPONSE: {"success":true,"has_plus":true,"product_name":"Thành viên Plus (7 Ngày)","price":20000}

[2025-08-29 09:48:44] CHECK PLUS: GJ6A-Z4ZL-LMYY
[2025-08-29 09:48:46] CHECK PLUS RESPONSE: {"success":true,"has_plus":true,"product_name":"Thành viên Plus (7 Ngày)","price":20000}

[2025-08-29 10:33:53] CHECK PLUS: DL3Z-HSRL-LMYG
[2025-08-29 10:33:56] CHECK PLUS RESPONSE: {"success":true,"has_plus":true,"product_name":"Thành viên Plus (7 Ngày)","price":20000}

[2025-08-29 14:58:30] CHECK PLUS: GKBY-BDHL-LMYG
[2025-08-29 14:58:32] CHECK PLUS RESPONSE: {"success":true,"has_plus":true,"product_name":"Thành viên Plus (7 Ngày)","price":20000}

[2025-08-29 17:01:43] CHECK PLUS: PJ4B-B3ZL-LMYY
[2025-08-29 17:01:46] CHECK PLUS RESPONSE: {"success":true,"has_plus":true,"product_name":"Thành viên Plus (7 Ngày)","price":20000}

[2025-08-29 17:02:01] CHECK PLUS: PJDC-VSZL-LMGG
[2025-08-29 17:02:03] CHECK PLUS RESPONSE: {"success":true,"has_plus":true,"product_name":"Thành viên Plus (7 Ngày)","price":20000}

[2025-08-29 18:04:46] CHECK PLUS: PJFX-HAHL-LMGG
[2025-08-29 18:04:48] CHECK PLUS RESPONSE: {"success":true,"has_plus":true,"product_name":"Thành viên Plus (7 Ngày)","price":20000}

[2025-08-29 18:26:30] CHECK PLUS: HKEV-ZTZL-LMGG
[2025-08-29 18:26:32] CHECK PLUS RESPONSE: {"success":true,"has_plus":true,"product_name":"Thành viên Plus (7 Ngày)","price":20000}

[2025-08-30 01:38:47] CHECK PLUS: FLAG-HSRL-LMGU
[2025-08-30 01:38:49] CHECK PLUS RESPONSE: {"success":true,"has_plus":true,"product_name":"Thành viên Plus (7 Ngày)","price":20000}

[2025-08-30 07:39:48] CHECK PLUS: AKCC-S2RL-LMYY
[2025-08-30 07:39:51] CHECK PLUS RESPONSE: {"success":true,"has_plus":true,"product_name":"Thành viên Plus (7 Ngày)","price":20000}

[2025-08-30 09:45:51] CHECK PLUS: TK8E-FSZL-LMYY
[2025-08-30 09:45:53] CHECK PLUS RESPONSE: {"success":true,"has_plus":true,"product_name":"Thành viên Plus (7 Ngày)","price":20000}

[2025-08-30 13:04:14] CHECK PLUS: KM9T-FV9L-LMGU
[2025-08-30 13:04:17] CHECK PLUS RESPONSE: {"success":true,"has_plus":true,"product_name":"Thành viên Plus (7 Ngày)","price":20000}

[2025-08-30 15:31:50] CHECK PLUS: HKEV-ZTZL-LMGG
[2025-08-30 15:31:52] CHECK PLUS RESPONSE: {"success":true,"has_plus":true,"product_name":"Thành viên Plus (7 Ngày)","price":20000}

[2025-08-30 15:32:15] CHECK PLUS: PJFX-HAHL-LMGG
[2025-08-30 15:32:19] CHECK PLUS RESPONSE: {"success":true,"has_plus":true,"product_name":"Thành viên Plus (7 Ngày)","price":20000}

[2025-08-30 16:05:00] CHECK PLUS: 7L6V-S39L-LMGC
[2025-08-30 16:05:02] CHECK PLUS RESPONSE: {"success":true,"has_plus":true,"product_name":"Thành viên Plus (7 Ngày)","price":20000}

[2025-08-30 22:53:14] CHECK PLUS: TM2Z-Z2ZL-LMGY
[2025-08-30 22:53:16] CHECK PLUS RESPONSE: {"success":true,"has_plus":true,"product_name":"Thành viên Plus (7 Ngày)","price":20000}

[2025-09-01 18:54:48] CHECK PLUS: DKAS-XSHL-LMGC
[2025-09-01 18:54:51] CHECK PLUS RESPONSE: {"success":true,"has_plus":true,"product_name":"Thành viên Plus (7 Ngày)","price":20000}

[2025-09-01 20:27:11] CHECK PLUS: 4M2T-X59L-LMGG
[2025-09-01 20:27:14] CHECK PLUS RESPONSE: {"success":true,"has_plus":true,"product_name":"Thành viên Plus (7 Ngày)","price":20000}

[2025-09-03 09:36:34] CHECK PLUS: 6LFH-VSRL-LMGY
[2025-09-03 09:36:36] CHECK PLUS RESPONSE: {"success":true,"has_plus":true,"product_name":"Thành viên Plus (7 Ngày)","price":20000}

[2025-09-04 17:58:15] CHECK PLUS: KM9T-FV9L-LMGU
[2025-09-04 17:58:18] CHECK PLUS RESPONSE: {"success":true,"has_plus":false,"message":"Không Tìm Thấy Gói Plus"}

[2025-09-05 05:35:11] CHECK PLUS: 7L2A-ZSRL-LMGU
[2025-09-05 05:35:14] CHECK PLUS RESPONSE: {"success":true,"has_plus":true,"product_name":"Thành viên Plus (7 Ngày)","price":20000}

[2025-09-05 20:32:38] CHECK PLUS: NMGF-XSRL-LMYC
[2025-09-05 20:32:41] CHECK PLUS RESPONSE: {"success":true,"has_plus":false,"message":"Không Tìm Thấy Gói Plus"}

[2025-09-05 20:57:57] CHECK PLUS: ZK5B-F59L-LMGC
[2025-09-05 20:58:00] CHECK PLUS RESPONSE: {"success":true,"has_plus":true,"product_name":"Thành viên Plus (7 Ngày)","price":20000}

[2025-09-06 08:45:29] CHECK PLUS: CLAA-FSRL-LMGU
[2025-09-06 08:45:32] CHECK PLUS RESPONSE: {"success":true,"has_plus":true,"product_name":"Thành viên Plus (7 Ngày)","price":20000}

[2025-09-06 11:37:03] CHECK PLUS: PJ4B-B3ZL-LMYY
[2025-09-06 11:37:06] CHECK PLUS RESPONSE: {"success":true,"has_plus":false,"message":"Không Tìm Thấy Gói Plus"}

[2025-09-06 12:54:17] CHECK PLUS: ELAA-GB9L-LMGY
[2025-09-06 12:54:20] CHECK PLUS RESPONSE: {"success":true,"has_plus":true,"product_name":"Thành viên Plus (7 Ngày)","price":20000}

[2025-09-06 14:09:48] CHECK PLUS: 9KFX-DTZL-LMGY
[2025-09-06 14:09:51] CHECK PLUS RESPONSE: {"success":true,"has_plus":true,"product_name":"Thành viên Plus (7 Ngày)","price":20000}

[2025-09-06 16:50:57] CHECK PLUS: PJ4B-B3ZL-LMYY
[2025-09-06 16:51:00] CHECK PLUS RESPONSE: {"success":true,"has_plus":false,"message":"Không Tìm Thấy Gói Plus"}

[2025-09-07 08:45:04] CHECK PLUS: KM9T-FV9L-LMGU
[2025-09-07 08:45:07] CHECK PLUS RESPONSE: {"success":true,"has_plus":false,"message":"Không Tìm Thấy Gói Plus"}

[2025-09-08 20:06:37] CHECK PLUS: FK4X-FTZL-LMYU
[2025-09-08 20:06:40] CHECK PLUS RESPONSE: {"success":true,"has_plus":false,"message":"Không Tìm Thấy Gói Plus"}

[2025-09-08 20:07:23] CHECK PLUS: FK4X-FTZL-LMYU
[2025-09-08 20:07:25] CHECK PLUS RESPONSE: {"success":true,"has_plus":false,"message":"Không Tìm Thấy Gói Plus"}

[2025-09-09 11:31:43] CHECK PLUS: FK4X-FTZL-LMYU
[2025-09-09 11:31:46] CHECK PLUS RESPONSE: {"success":true,"has_plus":false,"message":"Không Tìm Thấy Gói Plus"}

[2025-09-09 16:25:16] CHECK PLUS: 3M9E-BSZL-LMYU
[2025-09-09 16:25:19] CHECK PLUS RESPONSE: {"success":true,"has_plus":true,"product_name":"Thành viên Plus (7 Ngày)","price":20000}

[2025-09-09 21:14:26] CHECK PLUS: DMGC-HSHL-LMYU
[2025-09-09 21:14:29] CHECK PLUS RESPONSE: {"success":true,"has_plus":true,"product_name":"Thành viên Plus (7 Ngày)","price":20000}

[2025-09-11 11:05:28] CHECK PLUS: PJ4B-B3ZL-LMYY
[2025-09-11 11:05:31] CHECK PLUS RESPONSE: {"success":true,"has_plus":false,"message":"Không Tìm Thấy Gói Plus"}

[2025-09-11 11:37:46] CHECK PLUS: PJ4B-B3ZL-LMYY
[2025-09-11 11:37:49] CHECK PLUS RESPONSE: {"success":true,"has_plus":false,"message":"Không Tìm Thấy Gói Plus"}

[2025-09-11 11:37:56] CHECK PLUS: PJ4B-B3ZL-LMYY
[2025-09-11 11:37:59] CHECK PLUS RESPONSE: {"success":true,"has_plus":false,"message":"Không Tìm Thấy Gói Plus"}

[2025-09-11 16:56:43] CHECK PLUS: PJ4B-B3ZL-LMYY
[2025-09-11 16:56:46] CHECK PLUS RESPONSE: {"success":true,"has_plus":false,"message":"Không Tìm Thấy Gói Plus"}

[2025-09-11 16:57:01] CHECK PLUS: PJ4B-B3ZL-LMYY
[2025-09-11 16:57:04] CHECK PLUS RESPONSE: {"success":true,"has_plus":false,"message":"Không Tìm Thấy Gói Plus"}

[2025-09-11 18:31:15] CHECK PLUS: PJ4B-B3ZL-LMYY
[2025-09-11 18:31:18] CHECK PLUS RESPONSE: {"success":true,"has_plus":false,"message":"Không Tìm Thấy Gói Plus"}

[2025-09-11 18:38:10] CHECK PLUS: PJ4B-B3ZL-LMYY
[2025-09-11 18:38:13] CHECK PLUS RESPONSE: {"success":true,"has_plus":false,"message":"Không Tìm Thấy Gói Plus"}

[2025-09-11 18:38:32] CHECK PLUS: PJ4B-B3ZL-LMYY
[2025-09-11 18:38:35] CHECK PLUS RESPONSE: {"success":true,"has_plus":false,"message":"Không Tìm Thấy Gói Plus"}

[2025-09-12 12:42:10] CHECK PLUS: 9K7H-VSHL-LMYG
[2025-09-12 12:42:13] CHECK PLUS RESPONSE: {"success":true,"has_plus":true,"product_name":"Thành viên Plus (7 Ngày)","price":20000}

[2025-09-12 20:01:49] CHECK PLUS: RJDT-FV9L-LMGG
[2025-09-12 20:01:52] CHECK PLUS RESPONSE: {"success":true,"has_plus":true,"product_name":"Thành viên Plus (7 Ngày)","price":20000}

[2025-09-13 11:19:41] CHECK PLUS: KM9T-FV9L-LMGU
[2025-09-13 11:19:44] CHECK PLUS RESPONSE: {"success":true,"has_plus":true,"product_name":"Thành viên Plus (7 Ngày)","price":20000}

[2025-09-13 21:52:44] CHECK PLUS: HMGB-ZSHL-LMYG
[2025-09-13 21:52:47] CHECK PLUS RESPONSE: {"success":true,"has_plus":true,"product_name":"Thành viên Plus (7 Ngày)","price":20000}

[2025-09-13 22:19:17] CHECK PLUS: HMGB-ZSHL-LMYG
[2025-09-13 22:19:19] CHECK PLUS RESPONSE: {"success":true,"has_plus":true,"product_name":"Thành viên Plus (7 Ngày)","price":20000}

[2025-09-13 23:34:07] CHECK PLUS: HKCV-FS9L-LMGC
[2025-09-13 23:34:09] CHECK PLUS RESPONSE: {"success":true,"has_plus":true,"product_name":"Thành viên Plus (7 Ngày)","price":20000}

[2025-09-14 02:08:27] CHECK PLUS: ELAX-TSRL-LMYU
[2025-09-14 02:08:30] CHECK PLUS RESPONSE: {"success":true,"has_plus":true,"product_name":"Thành viên Plus (7 Ngày)","price":20000}

[2025-09-14 08:06:00] CHECK PLUS: GK2V-TS9L-LMYY
[2025-09-14 08:06:03] CHECK PLUS RESPONSE: {"success":true,"has_plus":true,"product_name":"Thành viên Plus (7 Ngày)","price":20000}

[2025-09-14 10:34:46] CHECK PLUS: DJFX-FTZL-LMGY
[2025-09-14 10:34:48] CHECK PLUS RESPONSE: {"success":true,"has_plus":true,"product_name":"Thành viên Plus (7 Ngày)","price":20000}

[2025-09-15 14:39:45] CHECK PLUS: 9KFX-DTZL-LMGY
[2025-09-15 14:39:48] CHECK PLUS RESPONSE: {"success":true,"has_plus":true,"product_name":"Thành viên Plus (7 Ngày)","price":20000}

[2025-09-15 17:02:43] CHECK PLUS: GMEV-HS9L-LMYC
[2025-09-15 17:02:45] CHECK PLUS RESPONSE: {"success":true,"has_plus":true,"product_name":"Thành viên Plus (7 Ngày)","price":20000}

[2025-09-15 18:22:29] CHECK PLUS: LJ9Z-V49L-LMGG
[2025-09-15 18:22:31] CHECK PLUS RESPONSE: {"success":true,"has_plus":true,"product_name":"Thành viên Plus (7 Ngày)","price":20000}

[2025-09-16 09:16:23] CHECK PLUS: ELAA-GB9L-LMGY
[2025-09-16 09:16:30] CHECK PLUS RESPONSE: {"success":true,"has_plus":false,"message":"Không Tìm Thấy Gói Plus"}

[2025-09-17 13:40:00] CHECK PLUS: DL3Z-HSRL-LMYG
[2025-09-17 13:40:02] CHECK PLUS RESPONSE: {"success":true,"has_plus":true,"product_name":"Thành viên Plus (7 Ngày)","price":20000}

[2025-09-17 23:32:43] CHECK PLUS: CMGV-VS9L-LMYG
[2025-09-17 23:32:46] CHECK PLUS RESPONSE: {"success":true,"has_plus":true,"product_name":"Thành viên Plus (7 Ngày)","price":20000}

[2025-09-19 06:00:52] CHECK PLUS: 8MFW-DTZL-LMYU
[2025-09-19 06:00:55] CHECK PLUS RESPONSE: {"success":true,"has_plus":true,"product_name":"Thành viên Plus (7 Ngày)","price":20000}

[2025-09-19 07:02:39] CHECK PLUS: CL6B-HSHL-LMYC
[2025-09-19 07:02:42] CHECK PLUS RESPONSE: {"success":true,"has_plus":true,"product_name":"Thành viên Plus (7 Ngày)","price":20000}

[2025-09-19 09:07:57] CHECK PLUS: CL6B-HSHL-LMYC
[2025-09-19 09:07:59] CHECK PLUS RESPONSE: {"success":true,"has_plus":true,"product_name":"Thành viên Plus (7 Ngày)","price":20000}

[2025-09-19 13:56:53] CHECK PLUS: GJ2C-HSHL-LMYY
[2025-09-19 13:56:55] CHECK PLUS RESPONSE: {"success":true,"has_plus":true,"product_name":"Thành viên Plus (7 Ngày)","price":20000}

[2025-09-19 17:49:10] CHECK PLUS: BJ2B-FSHL-LMGC
[2025-09-19 17:49:12] CHECK PLUS RESPONSE: {"success":true,"has_plus":false,"message":"Không Tìm Thấy Gói Plus"}

[2025-09-20 07:04:20] CHECK PLUS: KMFE-V3HL-LMYC
[2025-09-20 07:04:24] CHECK PLUS RESPONSE: {"success":true,"has_plus":true,"product_name":"Thành viên Plus (7 Ngày)","price":20000}

[2025-09-20 07:41:42] CHECK PLUS: YJHF-BSHL-LMYU
[2025-09-20 07:41:46] CHECK PLUS RESPONSE: {"success":true,"has_plus":true,"product_name":"Thành viên Plus (7 Ngày)","price":20000}

[2025-09-20 12:00:07] CHECK PLUS: ALCB-FSHL-LMGC
[2025-09-20 12:00:10] CHECK PLUS RESPONSE: {"success":true,"has_plus":true,"product_name":"Thành viên Plus (7 Ngày)","price":20000}

[2025-09-20 12:00:52] CHECK PLUS: ALCB-FSHL-LMGC
[2025-09-20 12:00:55] CHECK PLUS RESPONSE: {"success":true,"has_plus":false,"message":"Không Tìm Thấy Gói Plus"}

[2025-09-20 19:24:52] CHECK PLUS: VM3C-FB9L-LMGG
[2025-09-20 19:24:54] CHECK PLUS RESPONSE: {"success":true,"has_plus":true,"product_name":"Thành viên Plus (7 Ngày)","price":20000}

[2025-09-23 15:22:54] CHECK PLUS: BKHX-BVZL-LMYU
[2025-09-23 15:22:57] CHECK PLUS RESPONSE: {"success":true,"has_plus":true,"product_name":"Thành viên Plus (7 Ngày)","price":20000}

[2025-09-25 01:44:24] CHECK PLUS: LJAY-V5HL-LMGC
[2025-09-25 01:44:26] CHECK PLUS RESPONSE: {"success":true,"has_plus":false,"message":"Không Tìm Thấy Gói Plus"}

[2025-09-26 05:57:36] CHECK PLUS: JKAU-ZU9L-LMGC
[2025-09-26 05:57:39] CHECK PLUS RESPONSE: {"success":true,"has_plus":false,"message":"Không Tìm Thấy Gói Plus"}

[2025-09-26 05:58:07] CHECK PLUS: JKAU-ZU9L-LMGC
[2025-09-26 05:58:09] CHECK PLUS RESPONSE: {"success":true,"has_plus":false,"message":"Không Tìm Thấy Gói Plus"}

[2025-09-26 05:59:18] CHECK PLUS: JKAU-ZU9L-LMGC
[2025-09-26 05:59:21] CHECK PLUS RESPONSE: {"success":true,"has_plus":false,"message":"Không Tìm Thấy Gói Plus"}

[2025-09-26 06:15:05] CHECK PLUS: JKAU-ZU9L-LMGC
[2025-09-26 06:15:08] CHECK PLUS RESPONSE: {"success":true,"has_plus":false,"message":"Không Tìm Thấy Gói Plus"}

[2025-09-26 06:15:16] CHECK PLUS: JKAU-ZU9L-LMGC
[2025-09-26 06:15:21] CHECK PLUS RESPONSE: {"success":true,"has_plus":false,"message":"Không Tìm Thấy Gói Plus"}

[2025-09-26 06:26:01] CHECK PLUS: JKAU-ZU9L-LMGC
[2025-09-26 06:26:04] CHECK PLUS RESPONSE: {"success":true,"has_plus":false,"message":"Không Tìm Thấy Gói Plus"}

[2025-09-26 08:09:48] CHECK PLUS: JKAU-ZU9L-LMGC
[2025-09-26 08:09:51] CHECK PLUS RESPONSE: {"success":true,"has_plus":false,"message":"Không Tìm Thấy Gói Plus"}

[2025-09-26 08:33:48] CHECK PLUS: CLAA-FSRL-LMGU
[2025-09-26 08:33:51] CHECK PLUS RESPONSE: {"success":true,"has_plus":false,"message":"Không Tìm Thấy Gói Plus"}

[2025-09-26 08:34:54] CHECK PLUS: CLAA-FSRL-LMGU
[2025-09-26 08:34:57] CHECK PLUS RESPONSE: {"success":true,"has_plus":false,"message":"Không Tìm Thấy Gói Plus"}

[2025-09-26 08:35:13] CHECK PLUS: CLAA-FSRL-LMGU
[2025-09-26 08:35:15] CHECK PLUS RESPONSE: {"success":true,"has_plus":false,"message":"Không Tìm Thấy Gói Plus"}

[2025-09-26 09:18:07] CHECK PLUS: JKAU-ZU9L-LMGC
[2025-09-26 09:18:09] CHECK PLUS RESPONSE: {"success":true,"has_plus":false,"message":"Không Tìm Thấy Gói Plus"}

[2025-09-26 09:35:53] CHECK PLUS: JKAU-ZU9L-LMGC
[2025-09-26 09:35:56] CHECK PLUS RESPONSE: {"success":true,"has_plus":false,"message":"Không Tìm Thấy Gói Plus"}

[2025-09-26 10:02:27] CHECK PLUS: CLAA-FSRL-LMGU
[2025-09-26 10:02:29] CHECK PLUS RESPONSE: {"success":true,"has_plus":false,"message":"Không Tìm Thấy Gói Plus"}

[2025-09-26 10:03:22] CHECK PLUS: CLAA-FSRL-LMGU
[2025-09-26 10:03:25] CHECK PLUS RESPONSE: {"success":true,"has_plus":false,"message":"Không Tìm Thấy Gói Plus"}

[2025-09-26 10:42:05] CHECK PLUS: CLAA-FSRL-LMGU
[2025-09-26 10:42:07] CHECK PLUS RESPONSE: {"success":true,"has_plus":true,"product_name":"Thành viên Plus (7 Ngày)","price":20000}

[2025-09-26 18:48:35] CHECK PLUS: JKAU-ZU9L-LMGC
[2025-09-26 18:48:37] CHECK PLUS RESPONSE: {"success":true,"has_plus":true,"product_name":"Thành viên Plus (7 Ngày)","price":20000}

[2025-09-26 19:16:18] CHECK PLUS: CLAA-FSRL-LMGU
[2025-09-26 19:16:21] CHECK PLUS RESPONSE: {"success":true,"has_plus":true,"product_name":"Thành viên Plus (7 Ngày)","price":20000}

[2025-09-26 22:49:38] CHECK PLUS: NJFU-HUZL-LMGU
[2025-09-26 22:49:41] CHECK PLUS RESPONSE: {"success":true,"has_plus":true,"product_name":"Thành viên Plus (7 Ngày)","price":20000}

[2025-09-27 07:26:09] CHECK PLUS: YJHF-BSHL-LMYU
[2025-09-27 07:26:11] CHECK PLUS RESPONSE: {"success":true,"has_plus":true,"product_name":"Thành viên Plus (7 Ngày)","price":20000}

[2025-09-27 09:05:06] CHECK PLUS: 2J4T-Y39L-LMGY
[2025-09-27 09:05:09] CHECK PLUS RESPONSE: {"success":true,"has_plus":true,"product_name":"Thành viên Plus (7 Ngày)","price":20000}

[2025-09-27 10:07:07] CHECK PLUS: 2L8V-HS9L-LMYC
[2025-09-27 10:07:10] CHECK PLUS RESPONSE: {"success":true,"has_plus":true,"product_name":"Thành viên Plus (7 Ngày)","price":20000}

[2025-09-27 12:28:12] CHECK PLUS: 2J4T-Y39L-LMGY
[2025-09-27 12:28:15] CHECK PLUS RESPONSE: {"success":true,"has_plus":true,"product_name":"Thành viên Plus (7 Ngày)","price":20000}

[2025-09-27 12:28:25] CHECK PLUS: 2L8V-HS9L-LMYC
[2025-09-27 12:28:27] CHECK PLUS RESPONSE: {"success":true,"has_plus":true,"product_name":"Thành viên Plus (7 Ngày)","price":20000}

[2025-09-27 13:26:56] CHECK PLUS: 2K2V-ZTZL-LMGG
[2025-09-27 13:26:58] CHECK PLUS RESPONSE: {"success":true,"has_plus":true,"product_name":"Thành viên Plus (7 Ngày)","price":20000}

[2025-09-27 22:15:20] CHECK PLUS: PMGZ-VSRL-LMYU
[2025-09-27 22:15:22] CHECK PLUS RESPONSE: {"success":true,"has_plus":true,"product_name":"Thành viên Plus (7 Ngày)","price":20000}

[2025-09-28 10:47:36] CHECK PLUS: ALCB-FSHL-LMGC
[2025-09-28 10:47:39] CHECK PLUS RESPONSE: {"success":true,"has_plus":true,"product_name":"Thành viên Plus (7 Ngày)","price":20000}

[2025-09-28 11:58:09] CHECK PLUS: 4K6D-FSRL-LMYU
[2025-09-28 11:58:12] CHECK PLUS RESPONSE: {"success":true,"has_plus":true,"product_name":"Thành viên Plus (7 Ngày)","price":20000}

[2025-09-28 12:00:02] CHECK PLUS: 4K6D-FSRL-LMYU
[2025-09-28 12:00:04] CHECK PLUS RESPONSE: {"success":true,"has_plus":true,"product_name":"Thành viên Plus (7 Ngày)","price":20000}

[2025-09-28 18:46:40] CHECK PLUS: 5M7H-ZS9L-LMYU
[2025-09-28 18:46:43] CHECK PLUS RESPONSE: {"success":true,"has_plus":true,"product_name":"Thành viên Plus (7 Ngày)","price":20000}

[2025-09-28 18:49:13] CHECK PLUS: UL2D-HDRL-LMGC
[2025-09-28 18:49:16] CHECK PLUS RESPONSE: {"success":true,"has_plus":true,"product_name":"Thành viên Plus (7 Ngày)","price":20000}

[2025-09-28 18:49:36] CHECK PLUS: UL2D-HDRL-LMGC
[2025-09-28 18:49:39] CHECK PLUS RESPONSE: {"success":true,"has_plus":false,"message":"Login False"}

[2025-09-28 18:51:35] CHECK PLUS: UL2D-HDRL-LMGC
[2025-09-28 18:51:38] CHECK PLUS RESPONSE: {"success":true,"has_plus":true,"product_name":"Thành viên Plus (7 Ngày)","price":20000}

[2025-09-28 18:54:34] CHECK PLUS: UL2D-HDRL-LMGC
[2025-09-28 18:54:36] CHECK PLUS RESPONSE: {"success":true,"has_plus":true,"product_name":"Thành viên Plus (7 Ngày)","price":20000}

[2025-09-28 18:54:46] CHECK PLUS: UL2D-HDRL-LMGC
[2025-09-28 18:54:49] CHECK PLUS RESPONSE: {"success":true,"has_plus":true,"product_name":"Thành viên Plus (7 Ngày)","price":20000}

[2025-09-28 18:55:42] CHECK PLUS: UL2D-HDRL-LMGC
[2025-09-28 18:55:44] CHECK PLUS RESPONSE: {"success":true,"has_plus":true,"product_name":"Thành viên Plus (7 Ngày)","price":20000}

[2025-09-28 19:17:02] CHECK PLUS: UL2D-HDRL-LMGC
[2025-09-28 19:17:05] CHECK PLUS RESPONSE: {"success":true,"has_plus":true,"product_name":"Thành viên Plus (7 Ngày)","price":20000}

[2025-09-28 19:17:43] CHECK PLUS: UL2D-HDRL-LMGC
[2025-09-28 19:17:45] CHECK PLUS RESPONSE: {"success":true,"has_plus":true,"product_name":"Thành viên Plus (7 Ngày)","price":20000}

[2025-10-01 17:08:40] CHECK PLUS: HJHG-DS9L-LMGG
[2025-10-01 17:08:42] CHECK PLUS RESPONSE: {"success":true,"has_plus":true,"product_name":"Thành viên Plus (7 Ngày)","price":20000}

[2025-10-01 21:40:50] CHECK PLUS: BKHX-BVZL-LMYU
[2025-10-01 21:40:52] CHECK PLUS RESPONSE: {"success":true,"has_plus":true,"product_name":"Thành viên Plus (7 Ngày)","price":20000}

[2025-10-04 15:22:04] CHECK PLUS: 2J4T-Y39L-LMGY
[2025-10-04 15:22:06] CHECK PLUS RESPONSE: {"success":true,"has_plus":false,"message":"Không Tìm Thấy Gói Plus"}

[2025-10-04 20:07:42] CHECK PLUS: EKAF-TBHL-LMGY
[2025-10-04 20:07:44] CHECK PLUS RESPONSE: {"success":true,"has_plus":false,"message":"Không Tìm Thấy Gói Plus"}

[2025-10-05 10:35:38] CHECK PLUS: TK8C-BAHL-LMGU
[2025-10-05 10:35:41] CHECK PLUS RESPONSE: {"success":true,"has_plus":true,"product_name":"Thành viên Plus (7 Ngày)","price":20000}

[2025-10-05 23:48:46] CHECK PLUS: BMET-VTZL-LMYG
[2025-10-05 23:48:51] CHECK PLUS RESPONSE: {"success":true,"has_plus":false,"message":"Không Tìm Thấy Gói Plus"}

[2025-10-06 11:05:13] CHECK PLUS: ALCB-FSHL-LMGC
[2025-10-06 11:05:15] CHECK PLUS RESPONSE: {"success":true,"has_plus":false,"message":"Không Tìm Thấy Gói Plus"}

[2025-10-06 21:39:44] CHECK PLUS: BMET-VTZL-LMYG
[2025-10-06 21:39:47] CHECK PLUS RESPONSE: {"success":true,"has_plus":true,"product_name":"Thành viên Plus (7 Ngày)","price":20000}

[2025-10-07 21:12:01] CHECK PLUS: 7MDD-T4ZL-LMYY
[2025-10-07 21:12:03] CHECK PLUS RESPONSE: {"success":true,"has_plus":true,"product_name":"Thành viên Plus (7 Ngày)","price":20000}

[2025-10-08 17:01:41] CHECK PLUS: 6M5V-BS9L-LMGC
[2025-10-08 17:01:43] CHECK PLUS RESPONSE: {"success":true,"has_plus":true,"product_name":"Thành viên Plus (7 Ngày)","price":20000}

[2025-10-08 18:48:26] CHECK PLUS: HJHG-DS9L-LMGG
[2025-10-08 18:48:28] CHECK PLUS RESPONSE: {"success":true,"has_plus":false,"message":"Không Tìm Thấy Gói Plus"}

[2025-10-08 18:49:39] CHECK PLUS: HJHG-DS9L-LMGG
[2025-10-08 18:49:41] CHECK PLUS RESPONSE: {"success":true,"has_plus":false,"message":"Không Tìm Thấy Gói Plus"}

[2025-10-11 00:59:15] CHECK PLUS: WLGZ-TVHL-LMYU
[2025-10-11 00:59:17] CHECK PLUS RESPONSE: {"success":true,"has_plus":false,"message":"Không Tìm Thấy Gói Plus"}

[2025-10-12 07:50:26] CHECK PLUS: ALCB-FSHL-LMGC
[2025-10-12 07:50:28] CHECK PLUS RESPONSE: {"success":true,"has_plus":false,"message":"Không Tìm Thấy Gói Plus"}

[2025-10-13 17:47:38] CHECK PLUS: NMHT-XDHL-LMYG
[2025-10-13 17:47:40] CHECK PLUS RESPONSE: {"success":true,"has_plus":false,"message":"Không Tìm Thấy Gói Plus"}

[2025-10-15 15:24:26] CHECK PLUS: AKCT-DS9L-LMYC
[2025-10-15 15:24:28] CHECK PLUS RESPONSE: {"success":true,"has_plus":false,"message":"Không Tìm Thấy Gói Plus"}

[2025-10-16 11:32:47] CHECK PLUS: WLGZ-TVHL-LMYU
[2025-10-16 11:32:49] CHECK PLUS RESPONSE: {"success":true,"has_plus":false,"message":"Không Tìm Thấy Gói Plus"}

[2025-10-16 19:31:54] CHECK PLUS: WLGZ-TVHL-LMYU
[2025-10-16 19:31:57] CHECK PLUS RESPONSE: {"success":true,"has_plus":true,"product_name":"Thành viên Plus (7 Ngày)","price":20000}

[2025-10-16 21:11:37] CHECK PLUS: YK8U-FVHL-LMGC
[2025-10-16 21:11:41] CHECK PLUS RESPONSE: {"success":true,"has_plus":true,"product_name":"Thành viên Plus (7 Ngày)","price":20000}

[2025-10-17 09:41:07] CHECK PLUS: YK8U-FVHL-LMGC
[2025-10-17 09:41:09] CHECK PLUS RESPONSE: {"success":true,"has_plus":false,"message":"Không Tìm Thấy Gói Plus"}

[2025-10-17 20:07:48] CHECK PLUS: 7MAD-FSZL-LMYC
[2025-10-17 20:07:51] CHECK PLUS RESPONSE: {"success":true,"has_plus":true,"product_name":"Thành viên Plus (7 Ngày)","price":20000}

[2025-10-18 17:27:44] CHECK PLUS: CM8Y-TSRL-LMGC
[2025-10-18 17:27:46] CHECK PLUS RESPONSE: {"success":true,"has_plus":true,"product_name":"Thành viên Plus (7 Ngày)","price":20000}

[2025-10-18 21:53:03] CHECK PLUS: PJ4B-B3ZL-LMYY
[2025-10-18 21:53:11] CHECK PLUS RESPONSE: {"success":true,"has_plus":true,"product_name":"Thành viên Plus (7 Ngày)","price":20000}

[2025-10-19 05:15:12] CHECK PLUS: 8M5W-ZUZL-LMGU
[2025-10-19 05:15:15] CHECK PLUS RESPONSE: {"success":true,"has_plus":true,"product_name":"Thành viên Plus (7 Ngày)","price":20000}

[2025-10-20 07:51:11] CHECK PLUS: DK6D-BDZL-LMYG
[2025-10-20 07:51:14] CHECK PLUS RESPONSE: {"success":true,"has_plus":true,"product_name":"Thành viên Plus (7 Ngày)","price":20000}

[2025-10-20 12:23:23] CHECK PLUS: NLDX-TVZL-LMYC
[2025-10-20 12:23:26] CHECK PLUS RESPONSE: {"success":true,"has_plus":false,"message":"Không Tìm Thấy Gói Plus"}

[2025-10-21 12:17:20] CHECK PLUS: NJFU-HUZL-LMGU
[2025-10-21 12:17:23] CHECK PLUS RESPONSE: {"success":true,"has_plus":true,"product_name":"Thành viên Plus (7 Ngày)","price":20000}

[2025-10-21 13:58:45] CHECK PLUS: CMGV-VS9L-LMYG
[2025-10-21 13:58:46] CHECK PLUS RESPONSE: null

[2025-10-21 13:59:31] CHECK PLUS: GMEV-HS9L-LMYC
[2025-10-21 13:59:32] CHECK PLUS RESPONSE: null

[2025-10-21 20:18:55] CHECK PLUS: NM7W-DVZL-LMYU
[2025-10-21 20:19:05] CHECK PLUS ERROR: cURL error 28: Resolving timed out after 10000 milliseconds (see https://curl.haxx.se/libcurl/c/libcurl-errors.html) for https://accone.vn/api/check-plus

[2025-10-21 20:19:19] CHECK PLUS: NM7W-DVZL-LMYU
[2025-10-21 20:19:22] CHECK PLUS RESPONSE: {"success":true,"has_plus":true,"product_name":"Thành viên Plus (7 Ngày)","price":20000}

[2025-10-27 04:52:32] CHECK PLUS: 8M5W-ZUZL-LMGU
[2025-10-27 04:52:35] CHECK PLUS RESPONSE: {"success":true,"has_plus":false,"message":"Không Tìm Thấy Gói Plus"}

[2025-10-27 04:52:54] CHECK PLUS: 8M5W-ZUZL-LMGU
[2025-10-27 04:52:57] CHECK PLUS RESPONSE: {"success":true,"has_plus":false,"message":"Không Tìm Thấy Gói Plus"}

[2025-10-27 04:53:02] CHECK PLUS: 8M5W-ZUZL-LMGU
[2025-10-27 04:53:15] CHECK PLUS RESPONSE: {"success":true,"has_plus":false,"message":"Không Tìm Thấy Gói Plus"}

[2025-10-27 04:59:11] CHECK PLUS: 8M5W-ZUZL-LMGU
[2025-10-27 04:59:15] CHECK PLUS RESPONSE: {"success":true,"has_plus":false,"message":"Không Tìm Thấy Gói Plus"}

[2025-10-27 08:40:28] CHECK PLUS: 8M5W-ZUZL-LMGU
[2025-10-27 08:40:34] CHECK PLUS RESPONSE: {"success":true,"has_plus":false,"message":"Không Tìm Thấy Gói Plus"}

[2025-10-28 17:06:38] CHECK PLUS: YJ7A-DS9L-LMYG
[2025-10-28 17:06:40] CHECK PLUS RESPONSE: {"success":true,"has_plus":false,"message":"Không Tìm Thấy Gói Plus"}

[2025-10-28 17:09:24] CHECK PLUS: YJ7A-DS9L-LMYG
[2025-10-28 17:09:26] CHECK PLUS RESPONSE: {"success":true,"has_plus":false,"message":"Không Tìm Thấy Gói Plus"}

[2025-10-28 17:15:29] CHECK PLUS: YJ7A-DS9L-LMYG
[2025-10-28 17:15:32] CHECK PLUS RESPONSE: {"success":true,"has_plus":false,"message":"Không Tìm Thấy Gói Plus"}

[2025-10-28 22:18:22] CHECK PLUS: PJ4B-B3ZL-LMYY
[2025-10-28 22:18:24] CHECK PLUS RESPONSE: {"success":true,"has_plus":false,"message":"Không Tìm Thấy Gói Plus"}

[2025-10-30 22:28:54] CHECK PLUS: PMGZ-VSRL-LMYU
[2025-10-30 22:28:56] CHECK PLUS RESPONSE: {"success":true,"has_plus":false,"message":"Không Tìm Thấy Gói Plus"}

[2025-11-01 13:52:45] CHECK PLUS: YK8U-FVHL-LMGC
[2025-11-01 13:52:47] CHECK PLUS RESPONSE: {"success":true,"has_plus":false,"message":"Không Tìm Thấy Gói Plus"}

[2025-11-01 13:53:47] CHECK PLUS: ULFZ-FVZL-LMGC
[2025-11-01 13:53:51] CHECK PLUS RESPONSE: {"success":true,"has_plus":false,"message":"Không Tìm Thấy Gói Plus"}

[2025-11-01 13:54:24] CHECK PLUS: ULFZ-FVZL-LMGC
[2025-11-01 13:54:27] CHECK PLUS RESPONSE: {"success":true,"has_plus":false,"message":"Không Tìm Thấy Gói Plus"}

[2025-11-01 13:57:05] CHECK PLUS: YK8U-FVHL-LMGC
[2025-11-01 13:57:08] CHECK PLUS RESPONSE: {"success":true,"has_plus":false,"message":"Không Tìm Thấy Gói Plus"}

[2025-11-02 09:07:35] CHECK PLUS: 5LDC-TSHL-LMYU
[2025-11-02 09:07:38] CHECK PLUS RESPONSE: {"success":true,"has_plus":false,"message":"Không Tìm Thấy Gói Plus"}

[2025-11-02 09:08:19] CHECK PLUS: 5LDC-TSHL-LMYU
[2025-11-02 09:08:21] CHECK PLUS RESPONSE: {"success":true,"has_plus":false,"message":"Không Tìm Thấy Gói Plus"}

[2025-11-02 09:08:44] CHECK PLUS: 5LDC-TSHL-LMYU
[2025-11-02 09:08:46] CHECK PLUS RESPONSE: {"success":true,"has_plus":false,"message":"Không Tìm Thấy Gói Plus"}

[2025-11-02 09:08:59] CHECK PLUS: 5LDC-TSHL-LMYU
[2025-11-02 09:09:01] CHECK PLUS RESPONSE: {"success":true,"has_plus":false,"message":"Không Tìm Thấy Gói Plus"}

[2025-11-02 10:10:14] CHECK PLUS: HJ5W-FUHL-LMYG
[2025-11-02 10:10:17] CHECK PLUS RESPONSE: {"success":true,"has_plus":false,"message":"Không Tìm Thấy Gói Plus"}

[2025-11-02 10:11:07] CHECK PLUS: HJ5W-FUHL-LMYG
[2025-11-02 10:11:09] CHECK PLUS RESPONSE: {"success":true,"has_plus":false,"message":"Không Tìm Thấy Gói Plus"}

[2025-11-02 10:14:28] CHECK PLUS: HJ5W-FUHL-LMYG
[2025-11-02 10:14:30] CHECK PLUS RESPONSE: {"success":true,"has_plus":false,"message":"Không Tìm Thấy Gói Plus"}

[2025-11-03 00:40:23] CHECK PLUS: CM8Y-TSRL-LMGC
[2025-11-03 00:40:26] CHECK PLUS RESPONSE: {"success":true,"has_plus":false,"message":"Không Tìm Thấy Gói Plus"}

[2025-11-03 10:51:07] CHECK PLUS: YK8U-FVHL-LMGC
[2025-11-03 10:51:09] CHECK PLUS RESPONSE: {"success":true,"has_plus":false,"message":"Không Tìm Thấy Gói Plus"}

[2025-11-03 19:37:50] CHECK PLUS: QJEG-HSRL-LMYC
[2025-11-03 19:37:52] CHECK PLUS RESPONSE: {"success":true,"has_plus":false,"message":"Không Tìm Thấy Gói Plus"}

[2025-11-03 19:42:33] CHECK PLUS: QJEG-HSRL-LMYC
[2025-11-03 19:42:35] CHECK PLUS RESPONSE: {"success":true,"has_plus":false,"message":"Không Tìm Thấy Gói Plus"}

[2025-11-05 10:29:07] CHECK PLUS: 8JEC-TSHL-LMGU
[2025-11-05 10:29:09] CHECK PLUS RESPONSE: {"success":true,"has_plus":false,"message":"Không Tìm Thấy Gói Plus"}

[2025-11-06 08:20:54] CHECK PLUS: YK8U-FVHL-LMGC
[2025-11-06 08:20:56] CHECK PLUS RESPONSE: {"success":true,"has_plus":false,"message":"Không Tìm Thấy Gói Plus"}

[2025-11-06 08:20:59] CHECK PLUS: YK8U-FVHL-LMGC
[2025-11-06 08:21:02] CHECK PLUS RESPONSE: {"success":true,"has_plus":false,"message":"Không Tìm Thấy Gói Plus"}

[2025-11-06 08:47:01] CHECK PLUS: KMFE-V3HL-LMYC
[2025-11-06 08:47:04] CHECK PLUS RESPONSE: {"success":true,"has_plus":false,"message":"Không Tìm Thấy Gói Plus"}

[2025-11-06 08:47:07] CHECK PLUS: KMFE-V3HL-LMYC
[2025-11-06 08:47:10] CHECK PLUS RESPONSE: {"success":true,"has_plus":false,"message":"Không Tìm Thấy Gói Plus"}

[2025-11-06 08:48:04] CHECK PLUS: KMFE-V3HL-LMYC
[2025-11-06 08:48:06] CHECK PLUS RESPONSE: {"success":true,"has_plus":false,"message":"Không Tìm Thấy Gói Plus"}

[2025-11-06 08:49:17] CHECK PLUS: KMFE-V3HL-LMYC
[2025-11-06 08:49:19] CHECK PLUS RESPONSE: {"success":true,"has_plus":false,"message":"Không Tìm Thấy Gói Plus"}

[2025-11-06 08:49:31] CHECK PLUS: KMFE-V3HL-LMYC
[2025-11-06 08:49:33] CHECK PLUS RESPONSE: {"success":true,"has_plus":false,"message":"Không Tìm Thấy Gói Plus"}

[2025-11-06 08:52:33] CHECK PLUS: KMFE-V3HL-LMYC
[2025-11-06 08:52:35] CHECK PLUS RESPONSE: {"success":true,"has_plus":false,"message":"Không Tìm Thấy Gói Plus"}

[2025-11-06 08:52:46] CHECK PLUS: KMFE-V3HL-LMYC
[2025-11-06 08:52:48] CHECK PLUS RESPONSE: {"success":true,"has_plus":false,"message":"Không Tìm Thấy Gói Plus"}

[2025-11-06 08:52:48] CHECK PLUS: KMFE-V3HL-LMYC
[2025-11-06 08:52:51] CHECK PLUS RESPONSE: {"success":true,"has_plus":false,"message":"Không Tìm Thấy Gói Plus"}

[2025-11-06 08:53:35] CHECK PLUS: KMFE-V3HL-LMYC
[2025-11-06 08:53:38] CHECK PLUS RESPONSE: {"success":true,"has_plus":false,"message":"Không Tìm Thấy Gói Plus"}

[2025-11-06 08:53:53] CHECK PLUS: KMFE-V3HL-LMYC
[2025-11-06 08:53:55] CHECK PLUS RESPONSE: {"success":true,"has_plus":false,"message":"Không Tìm Thấy Gói Plus"}

[2025-11-06 08:55:09] CHECK PLUS: KMFE-V3HL-LMYC
[2025-11-06 08:55:12] CHECK PLUS RESPONSE: {"success":true,"has_plus":false,"message":"Không Tìm Thấy Gói Plus"}

[2025-11-06 08:57:51] CHECK PLUS: KMFE-V3HL-LMYC
[2025-11-06 08:57:54] CHECK PLUS RESPONSE: {"success":true,"has_plus":false,"message":"Không Tìm Thấy Gói Plus"}

[2025-11-06 08:58:25] CHECK PLUS: KMFE-V3HL-LMYC
[2025-11-06 08:58:28] CHECK PLUS RESPONSE: {"success":true,"has_plus":false,"message":"Không Tìm Thấy Gói Plus"}

[2025-11-06 08:59:54] CHECK PLUS: KMFE-V3HL-LMYC
[2025-11-06 08:59:57] CHECK PLUS RESPONSE: {"success":true,"has_plus":false,"message":"Không Tìm Thấy Gói Plus"}

[2025-11-06 09:06:16] CHECK PLUS: KMFE-V3HL-LMYC
[2025-11-06 09:06:19] CHECK PLUS RESPONSE: {"success":true,"has_plus":false,"message":"Không Tìm Thấy Gói Plus"}

[2025-11-06 09:06:50] CHECK PLUS: KMFE-V3HL-LMYC
[2025-11-06 09:06:53] CHECK PLUS RESPONSE: {"success":true,"has_plus":false,"message":"Không Tìm Thấy Gói Plus"}

[2025-11-06 09:07:28] CHECK PLUS: KMFE-V3HL-LMYC
[2025-11-06 09:07:30] CHECK PLUS RESPONSE: {"success":true,"has_plus":false,"message":"Không Tìm Thấy Gói Plus"}

[2025-11-06 09:07:32] CHECK PLUS: KMFE-V3HL-LMYC
[2025-11-06 09:07:34] CHECK PLUS RESPONSE: {"success":true,"has_plus":false,"message":"Không Tìm Thấy Gói Plus"}

[2025-11-06 09:08:22] CHECK PLUS: KMFE-V3HL-LMYC
[2025-11-06 09:08:25] CHECK PLUS RESPONSE: {"success":true,"has_plus":false,"message":"Không Tìm Thấy Gói Plus"}

[2025-11-06 09:12:20] CHECK PLUS: KMFE-V3HL-LMYC
[2025-11-06 09:12:22] CHECK PLUS RESPONSE: {"success":true,"has_plus":false,"message":"Không Tìm Thấy Gói Plus"}

[2025-11-06 09:12:33] CHECK PLUS: KMFE-V3HL-LMYC
[2025-11-06 09:12:36] CHECK PLUS RESPONSE: {"success":true,"has_plus":false,"message":"Không Tìm Thấy Gói Plus"}

[2025-11-06 09:12:51] CHECK PLUS: KMFE-V3HL-LMYC
[2025-11-06 09:12:53] CHECK PLUS RESPONSE: {"success":true,"has_plus":false,"message":"Không Tìm Thấy Gói Plus"}

[2025-11-06 09:12:55] CHECK PLUS: KMFE-V3HL-LMYC
[2025-11-06 09:12:58] CHECK PLUS RESPONSE: {"success":true,"has_plus":false,"message":"Không Tìm Thấy Gói Plus"}

[2025-11-06 09:19:43] CHECK PLUS: KMFE-V3HL-LMYC
[2025-11-06 09:19:45] CHECK PLUS RESPONSE: {"success":true,"has_plus":false,"message":"Không Tìm Thấy Gói Plus"}

[2025-11-06 09:23:28] CHECK PLUS: NJFU-HUZL-LMGU
[2025-11-06 09:23:30] CHECK PLUS RESPONSE: {"success":true,"has_plus":false,"message":"Không Tìm Thấy Gói Plus"}

[2025-11-06 09:24:14] CHECK PLUS: KMFE-V3HL-LMYC
[2025-11-06 09:24:16] CHECK PLUS RESPONSE: {"success":true,"has_plus":false,"message":"Không Tìm Thấy Gói Plus"}

[2025-11-06 09:28:15] CHECK PLUS: KMFE-V3HL-LMYC
[2025-11-06 09:28:18] CHECK PLUS RESPONSE: {"success":true,"has_plus":false,"message":"Không Tìm Thấy Gói Plus"}

[2025-11-06 09:30:08] CHECK PLUS: KMFE-V3HL-LMYC
[2025-11-06 09:30:11] CHECK PLUS RESPONSE: {"success":true,"has_plus":false,"message":"Không Tìm Thấy Gói Plus"}

[2025-11-06 09:30:22] CHECK PLUS: KMFE-V3HL-LMYC
[2025-11-06 09:30:24] CHECK PLUS RESPONSE: {"success":true,"has_plus":false,"message":"Không Tìm Thấy Gói Plus"}

[2025-11-06 09:30:25] CHECK PLUS: KMFE-V3HL-LMYC
[2025-11-06 09:30:27] CHECK PLUS RESPONSE: {"success":true,"has_plus":false,"message":"Không Tìm Thấy Gói Plus"}

[2025-11-06 09:30:28] CHECK PLUS: KMFE-V3HL-LMYC
[2025-11-06 09:30:30] CHECK PLUS RESPONSE: {"success":true,"has_plus":false,"message":"Không Tìm Thấy Gói Plus"}

[2025-11-06 09:30:31] CHECK PLUS: KMFE-V3HL-LMYC
[2025-11-06 09:30:33] CHECK PLUS RESPONSE: {"success":true,"has_plus":false,"message":"Không Tìm Thấy Gói Plus"}

[2025-11-06 09:30:34] CHECK PLUS: KMFE-V3HL-LMYC
[2025-11-06 09:30:36] CHECK PLUS RESPONSE: {"success":true,"has_plus":false,"message":"Không Tìm Thấy Gói Plus"}

[2025-11-06 09:30:37] CHECK PLUS: KMFE-V3HL-LMYC
[2025-11-06 09:30:39] CHECK PLUS RESPONSE: {"success":true,"has_plus":false,"message":"Không Tìm Thấy Gói Plus"}

[2025-11-06 10:29:21] CHECK PLUS: NJFU-HUZL-LMGU
[2025-11-06 10:29:23] CHECK PLUS RESPONSE: {"success":true,"has_plus":false,"message":"Không Tìm Thấy Gói Plus"}

[2025-11-06 10:45:56] CHECK PLUS: KMFE-V3HL-LMYC
[2025-11-06 10:45:58] CHECK PLUS RESPONSE: {"success":true,"has_plus":false,"message":"Không Tìm Thấy Gói Plus"}

[2025-11-06 11:11:30] CHECK PLUS: 9K5C-HSRL-LMYY
[2025-11-06 11:11:32] CHECK PLUS RESPONSE: {"success":true,"has_plus":false,"message":"Không Tìm Thấy Gói Plus"}

[2025-11-06 11:12:02] CHECK PLUS: 9K5C-HSRL-LMYY
[2025-11-06 11:12:05] CHECK PLUS RESPONSE: {"success":true,"has_plus":false,"message":"Không Tìm Thấy Gói Plus"}

[2025-11-06 11:12:39] CHECK PLUS: 9K5C-HSRL-LMYY
[2025-11-06 11:12:42] CHECK PLUS RESPONSE: {"success":true,"has_plus":false,"message":"Không Tìm Thấy Gói Plus"}

[2025-11-06 11:27:57] CHECK PLUS: 9K5C-HSRL-LMYY
[2025-11-06 11:28:00] CHECK PLUS RESPONSE: {"success":true,"has_plus":false,"message":"Không Tìm Thấy Gói Plus"}

[2025-11-06 11:28:12] CHECK PLUS: 9K5C-HSRL-LMYY
[2025-11-06 11:28:14] CHECK PLUS RESPONSE: {"success":true,"has_plus":false,"message":"Không Tìm Thấy Gói Plus"}

[2025-11-06 11:28:17] CHECK PLUS: 9K5C-HSRL-LMYY
[2025-11-06 11:28:19] CHECK PLUS RESPONSE: {"success":true,"has_plus":false,"message":"Không Tìm Thấy Gói Plus"}

[2025-11-06 11:28:23] CHECK PLUS: 9K5C-HSRL-LMYY
[2025-11-06 11:28:25] CHECK PLUS RESPONSE: {"success":true,"has_plus":false,"message":"Không Tìm Thấy Gói Plus"}

[2025-11-06 11:28:34] CHECK PLUS: 9K5C-HSRL-LMYY
[2025-11-06 11:28:37] CHECK PLUS RESPONSE: {"success":true,"has_plus":false,"message":"Không Tìm Thấy Gói Plus"}

[2025-11-06 11:43:59] CHECK PLUS: YK8U-FVHL-LMGC
[2025-11-06 11:44:01] CHECK PLUS RESPONSE: {"success":true,"has_plus":true,"product_name":"Thành viên Plus (7 Ngày)","price":20000}

[2025-11-06 11:50:35] CHECK PLUS: NJFU-HUZL-LMGU
[2025-11-06 11:50:37] CHECK PLUS RESPONSE: {"success":true,"has_plus":true,"product_name":"Thành viên Plus (7 Ngày)","price":20000}

[2025-11-06 16:35:59] CHECK PLUS: KMFE-V3HL-LMYC
[2025-11-06 16:36:02] CHECK PLUS RESPONSE: {"success":true,"has_plus":true,"product_name":"Thành viên Plus (7 Ngày)","price":20000}

[2025-11-06 18:17:51] CHECK PLUS: QKBW-FTRL-LMGG
[2025-11-06 18:17:54] CHECK PLUS RESPONSE: {"success":true,"has_plus":true,"product_name":"Thành viên Plus (7 Ngày)","price":20000}

[2025-11-06 19:14:35] CHECK PLUS: ALCS-ZAHL-LMYU
[2025-11-06 19:14:38] CHECK PLUS RESPONSE: {"success":true,"has_plus":true,"product_name":"Thành viên Plus (7 Ngày)","price":20000}

[2025-11-06 20:14:16] CHECK PLUS: QJEG-HSRL-LMYC
[2025-11-06 20:14:19] CHECK PLUS RESPONSE: {"success":true,"has_plus":true,"product_name":"Thành viên Plus (7 Ngày)","price":20000}

[2025-11-06 20:32:42] CHECK PLUS: AKCT-DS9L-LMYC
[2025-11-06 20:32:45] CHECK PLUS RESPONSE: {"success":true,"has_plus":true,"product_name":"Thành viên Plus (7 Ngày)","price":20000}

[2025-11-07 04:08:16] CHECK PLUS: BL7X-XTZL-LMGC
[2025-11-07 04:08:19] CHECK PLUS RESPONSE: {"success":true,"has_plus":true,"product_name":"Thành viên Plus (7 Ngày)","price":20000}

[2025-11-07 16:08:55] CHECK PLUS: KK5U-YDRL-LMGY
[2025-11-07 16:08:58] CHECK PLUS RESPONSE: {"success":true,"has_plus":true,"product_name":"Thành viên Plus (7 Ngày)","price":20000}

[2025-11-07 21:44:58] CHECK PLUS: PJ4B-B3ZL-LMYY
[2025-11-07 21:45:01] CHECK PLUS RESPONSE: {"success":true,"has_plus":true,"product_name":"Thành viên Plus (7 Ngày)","price":20000}

[2025-11-09 10:05:15] CHECK PLUS: EM6A-H4ZL-LMYC
[2025-11-09 10:05:18] CHECK PLUS RESPONSE: {"success":true,"has_plus":true,"product_name":"Thành viên Plus (7 Ngày)","price":20000}

[2025-11-10 18:51:31] CHECK PLUS: BKHX-BVZL-LMYU
[2025-11-10 18:51:33] CHECK PLUS RESPONSE: {"success":true,"has_plus":true,"product_name":"Thành viên Plus (7 Ngày)","price":20000}

[2025-11-11 17:02:25] CHECK PLUS: BKHX-BVZL-LMYU
[2025-11-11 17:02:28] CHECK PLUS RESPONSE: {"success":true,"has_plus":false,"message":"Không Tìm Thấy Gói Plus"}

[2025-11-11 17:45:04] CHECK PLUS: 4J4V-H49L-LMYY
[2025-11-11 17:45:44] CHECK PLUS ERROR: cURL error 28: Resolving timed out after 10000 milliseconds (see https://curl.haxx.se/libcurl/c/libcurl-errors.html) for https://accone.vn/api/check-plus

[2025-11-11 17:49:08] CHECK PLUS: 4J4V-H49L-LMYY
[2025-11-11 17:49:48] CHECK PLUS ERROR: cURL error 28: Resolving timed out after 10000 milliseconds (see https://curl.haxx.se/libcurl/c/libcurl-errors.html) for https://accone.vn/api/check-plus

[2025-11-11 17:50:14] CHECK PLUS: 4J4V-H49L-LMYY
[2025-11-11 17:50:33] CHECK PLUS RESPONSE: null

[2025-11-11 17:51:45] CHECK PLUS: 4J4V-H49L-LMYY
[2025-11-11 17:52:04] CHECK PLUS RESPONSE: null

[2025-11-11 18:01:52] CHECK PLUS: 4J4V-H49L-LMYY
[2025-11-11 18:02:12] CHECK PLUS RESPONSE: null

[2025-11-13 23:00:50] CHECK PLUS: PM7X-XAHL-LMYU
[2025-11-13 23:00:53] CHECK PLUS RESPONSE: {"success":true,"has_plus":false,"message":"Không Tìm Thấy Gói Plus"}

[2025-11-13 23:01:11] CHECK PLUS: PM7X-XAHL-LMYU
[2025-11-13 23:01:14] CHECK PLUS RESPONSE: {"success":true,"has_plus":false,"message":"Không Tìm Thấy Gói Plus"}

[2025-11-13 23:02:01] CHECK PLUS: PM7X-XAHL-LMYU
[2025-11-13 23:02:03] CHECK PLUS RESPONSE: {"success":true,"has_plus":false,"message":"Không Tìm Thấy Gói Plus"}

[2025-11-14 05:00:30] CHECK PLUS: 4J6A-HTZL-LMYU
[2025-11-14 05:00:32] CHECK PLUS RESPONSE: {"success":true,"has_plus":true,"product_name":"Thành viên Plus (7 Ngày)","price":20000}

[2025-11-14 18:26:12] CHECK PLUS: WKHB-BAHL-LMGG
[2025-11-14 18:26:15] CHECK PLUS RESPONSE: {"success":true,"has_plus":false,"message":"Không Tìm Thấy Gói Plus"}

[2025-11-15 00:38:33] CHECK PLUS: ALCS-ZAHL-LMYU
[2025-11-15 00:38:36] CHECK PLUS RESPONSE: {"success":true,"has_plus":false,"message":"Không Tìm Thấy Gói Plus"}

[2025-11-15 14:12:56] CHECK PLUS: 7KHS-VSZL-LMYC
[2025-11-15 14:12:59] CHECK PLUS RESPONSE: {"success":true,"has_plus":true,"product_name":"Thành viên Plus (7 Ngày)","price":20000}

[2025-11-16 04:05:56] CHECK PLUS: ALCS-ZAHL-LMYU
[2025-11-16 04:05:59] CHECK PLUS RESPONSE: {"success":true,"has_plus":false,"message":"Không Tìm Thấy Gói Plus"}

[2025-11-17 10:39:08] CHECK PLUS: 2K2V-ZTZL-LMGG
[2025-11-17 10:39:10] CHECK PLUS RESPONSE: {"success":true,"has_plus":true,"product_name":"Thành viên Plus (7 Ngày)","price":20000}

[2025-11-19 12:45:18] CHECK PLUS: 9K2V-ZTZL-LMGG
[2025-11-19 12:45:21] CHECK PLUS RESPONSE: {"success":true,"has_plus":false,"message":"Không Tìm Thấy Gói Plus"}

[2025-11-19 12:45:33] CHECK PLUS: 9K2V-ZTZL-LMGG
[2025-11-19 12:45:35] CHECK PLUS RESPONSE: {"success":true,"has_plus":false,"message":"Không Tìm Thấy Gói Plus"}

[2025-11-19 12:50:28] CHECK PLUS: 9K2V-ZTZL-LMGG
[2025-11-19 12:50:38] CHECK PLUS RESPONSE: {"success":false,"message":"Lỗi: cURL error 28: SSL connection timeout (see https:\/\/curl.haxx.se\/libcurl\/c\/libcurl-errors.html) for https:\/\/billing.vnggames.com\/fe\/api\/auth\/quick"}

[2025-11-22 18:53:27] CHECK PLUS: NJFU-HUZL-LMGU
[2025-11-22 18:53:29] CHECK PLUS RESPONSE: {"success":true,"has_plus":false,"message":"Không Tìm Thấy Gói Plus"}

[2025-11-22 18:53:38] CHECK PLUS: NJFU-HUZL-LMGU
[2025-11-22 18:53:41] CHECK PLUS RESPONSE: {"success":true,"has_plus":false,"message":"Không Tìm Thấy Gói Plus"}

[2025-11-22 18:53:54] CHECK PLUS: NJFU-HUZL-LMGU
[2025-11-22 18:53:56] CHECK PLUS RESPONSE: {"success":true,"has_plus":false,"message":"Không Tìm Thấy Gói Plus"}

[2025-11-22 18:54:11] CHECK PLUS: NJFU-HUZL-LMGU
[2025-11-22 18:54:14] CHECK PLUS RESPONSE: {"success":true,"has_plus":false,"message":"Không Tìm Thấy Gói Plus"}

[2025-11-22 18:54:43] CHECK PLUS: NJFU-HUZL-LMGU
[2025-11-22 18:54:45] CHECK PLUS RESPONSE: {"success":true,"has_plus":false,"message":"Không Tìm Thấy Gói Plus"}

[2025-11-24 21:10:07] CHECK PLUS: PM4W-XUZL-LMGU
[2025-11-24 21:10:09] CHECK PLUS RESPONSE: {"success":true,"has_plus":true,"product_name":"Thành viên Plus (7 Ngày)","price":20000}

[2025-11-24 21:18:36] CHECK PLUS: 7JCG-BSHL-LMGY
[2025-11-24 21:18:39] CHECK PLUS RESPONSE: {"success":true,"has_plus":false,"message":"Không Tìm Thấy Gói Plus"}

[2025-11-24 21:18:56] CHECK PLUS: 7JCG-BSHL-LMGY
[2025-11-24 21:18:58] CHECK PLUS RESPONSE: {"success":true,"has_plus":false,"message":"Không Tìm Thấy Gói Plus"}

[2025-11-25 19:40:05] CHECK PLUS: VKDU-BA9L-LMGY
[2025-11-25 19:40:07] CHECK PLUS RESPONSE: {"success":true,"has_plus":false,"message":"Không Tìm Thấy Gói Plus"}

[2025-11-26 21:33:21] CHECK PLUS: HJGS-X2ZL-LMGU
[2025-11-26 21:33:23] CHECK PLUS RESPONSE: {"success":true,"has_plus":true,"product_name":"Thành viên Plus (7 Ngày)","price":20000}

[2025-11-27 09:19:41] CHECK PLUS: 7JCG-BSHL-LMGY
[2025-11-27 09:19:43] CHECK PLUS RESPONSE: {"success":true,"has_plus":false,"message":"Không Tìm Thấy Gói Plus"}

[2025-11-27 09:19:51] CHECK PLUS: 7JCG-BSHL-LMGY
[2025-11-27 09:19:54] CHECK PLUS RESPONSE: {"success":true,"has_plus":false,"message":"Không Tìm Thấy Gói Plus"}

[2025-11-27 10:41:30] CHECK PLUS: 7JCG-BSHL-LMGY
[2025-11-27 10:41:33] CHECK PLUS RESPONSE: {"success":true,"has_plus":false,"message":"Không Tìm Thấy Gói Plus"}

[2025-11-27 17:32:23] CHECK PLUS: 7JCG-BSHL-LMGY
[2025-11-27 17:32:26] CHECK PLUS RESPONSE: {"success":true,"has_plus":false,"message":"Không Tìm Thấy Gói Plus"}

[2025-11-27 17:32:27] CHECK PLUS: 7JCG-BSHL-LMGY
[2025-11-27 17:32:30] CHECK PLUS RESPONSE: {"success":true,"has_plus":false,"message":"Không Tìm Thấy Gói Plus"}

[2025-11-27 17:32:31] CHECK PLUS: 7JCG-BSHL-LMGY
[2025-11-27 17:32:33] CHECK PLUS RESPONSE: {"success":true,"has_plus":false,"message":"Không Tìm Thấy Gói Plus"}

[2025-11-27 17:32:50] CHECK PLUS: 2L9A-FSHL-LMGG
[2025-11-27 17:32:52] CHECK PLUS RESPONSE: {"success":true,"has_plus":false,"message":"Không Tìm Thấy Gói Plus"}

[2025-11-27 17:33:11] CHECK PLUS: 2L9A-FSHL-LMGG
[2025-11-27 17:33:14] CHECK PLUS RESPONSE: {"success":true,"has_plus":false,"message":"Không Tìm Thấy Gói Plus"}

[2025-11-28 04:27:43] CHECK PLUS: 7JCG-BSHL-LMGY
[2025-11-28 04:27:45] CHECK PLUS RESPONSE: {"success":true,"has_plus":false,"message":"Không Tìm Thấy Gói Plus"}

[2025-11-28 04:27:59] CHECK PLUS: 2L9A-FSHL-LMGG
[2025-11-28 04:28:02] CHECK PLUS RESPONSE: {"success":true,"has_plus":false,"message":"Không Tìm Thấy Gói Plus"}

[2025-11-28 21:20:42] CHECK PLUS: HJGS-X2ZL-LMGU
[2025-11-28 21:20:45] CHECK PLUS RESPONSE: {"success":true,"has_plus":false,"message":"Không Tìm Thấy Gói Plus"}

[2025-11-28 21:21:48] CHECK PLUS: HJGS-X2ZL-LMGU
[2025-11-28 21:21:51] CHECK PLUS RESPONSE: {"success":true,"has_plus":true,"product_name":"Thành viên Plus (7 Ngày)","price":20000}

[2025-11-28 21:34:21] CHECK PLUS: 2JBG-H29L-LMGY
[2025-11-28 21:34:24] CHECK PLUS RESPONSE: {"success":true,"has_plus":true,"product_name":"Thành viên Plus (7 Ngày)","price":20000}

[2025-11-30 13:33:36] CHECK PLUS: 7M8B-H29L-LMGC
[2025-11-30 13:33:39] CHECK PLUS RESPONSE: {"success":true,"has_plus":true,"product_name":"Thành viên Plus (7 Ngày)","price":20000}

[2025-12-01 19:50:25] CHECK PLUS: NMFF-VB9L-LMGG
[2025-12-01 19:50:27] CHECK PLUS RESPONSE: {"success":true,"has_plus":true,"product_name":"Thành viên Plus (7 Ngày)","price":20000}

[2025-12-04 07:47:58] CHECK PLUS: 2L9A-FSHL-LMGG
[2025-12-04 07:48:01] CHECK PLUS RESPONSE: {"success":true,"has_plus":true,"product_name":"Thành viên Plus (7 Ngày)","price":20000}

[2025-12-04 08:07:21] CHECK PLUS: RJDT-FV9L-LMGG
[2025-12-04 08:07:24] CHECK PLUS RESPONSE: {"success":true,"has_plus":true,"product_name":"Thành viên Plus (7 Ngày)","price":20000}

[2025-12-05 23:33:06] CHECK PLUS: KJAB-TSRL-LMGG
[2025-12-05 23:33:08] CHECK PLUS RESPONSE: {"success":true,"has_plus":false,"message":"Không Tìm Thấy Gói Plus"}

[2025-12-05 23:52:36] CHECK PLUS: PL2U-ZS9L-LMYG
[2025-12-05 23:52:38] CHECK PLUS RESPONSE: {"success":true,"has_plus":false,"message":"Không Tìm Thấy Gói Plus"}

[2025-12-05 23:52:59] CHECK PLUS: PL2U-ZS9L-LMYG
[2025-12-05 23:53:01] CHECK PLUS RESPONSE: {"success":true,"has_plus":false,"message":"Không Tìm Thấy Gói Plus"}

[2025-12-05 23:53:06] CHECK PLUS: PL2U-ZS9L-LMYG
[2025-12-05 23:53:08] CHECK PLUS RESPONSE: {"success":true,"has_plus":false,"message":"Không Tìm Thấy Gói Plus"}

[2025-12-07 14:46:20] CHECK PLUS: ULCX-TS9L-LMYU
[2025-12-07 14:46:22] CHECK PLUS RESPONSE: {"success":true,"has_plus":true,"product_name":"Thành viên Plus (7 Ngày)","price":20000}

[2025-12-07 21:37:54] CHECK PLUS: 3M7D-X4RL-LMGG
[2025-12-07 21:37:56] CHECK PLUS RESPONSE: {"success":true,"has_plus":true,"product_name":"Thành viên Plus (7 Ngày)","price":20000}

[2025-12-08 02:32:13] CHECK PLUS: 7M8B-H29L-LMGC
[2025-12-08 02:32:15] CHECK PLUS RESPONSE: {"success":true,"has_plus":false,"message":"Không Tìm Thấy Gói Plus"}

[2025-12-09 11:40:56] CHECK PLUS: FL5V-XAHL-LMYU
[2025-12-09 11:40:59] CHECK PLUS RESPONSE: {"success":true,"has_plus":true,"product_name":"Thành viên Plus (7 Ngày)","price":20000}

[2025-12-09 17:18:02] CHECK PLUS: FL5V-XAHL-LMYU
[2025-12-09 17:18:04] CHECK PLUS RESPONSE: {"success":true,"has_plus":true,"product_name":"Thành viên Plus (7 Ngày)","price":20000}

[2025-12-09 23:06:44] CHECK PLUS: ZLES-F59L-LMYG
[2025-12-09 23:06:46] CHECK PLUS RESPONSE: {"success":true,"has_plus":true,"product_name":"Thành viên Plus (7 Ngày)","price":20000}

[2025-12-11 17:28:21] CHECK PLUS: FL5V-XAHL-LMYU
[2025-12-11 17:28:24] CHECK PLUS RESPONSE: {"success":true,"has_plus":true,"product_name":"Thành viên Plus (7 Ngày)","price":20000}

[2025-12-11 17:28:46] CHECK PLUS: ZLES-F59L-LMYG
[2025-12-11 17:28:48] CHECK PLUS RESPONSE: {"success":true,"has_plus":true,"product_name":"Thành viên Plus (7 Ngày)","price":20000}

[2025-12-11 17:50:13] CHECK PLUS: MLAW-FVZL-LMGG
[2025-12-11 17:50:15] CHECK PLUS RESPONSE: {"success":true,"has_plus":true,"product_name":"Thành viên Plus (7 Ngày)","price":20000}

[2025-12-11 20:20:58] CHECK PLUS: CLAA-FSRL-LMGU
[2025-12-11 20:21:00] CHECK PLUS RESPONSE: {"success":true,"has_plus":true,"product_name":"Thành viên Plus (7 Ngày)","price":20000}

[2025-12-11 20:32:05] CHECK PLUS: CL8E-HCZL-LMYY
[2025-12-11 20:32:07] CHECK PLUS RESPONSE: {"success":true,"has_plus":true,"product_name":"Thành viên Plus (7 Ngày)","price":20000}

[2025-12-12 17:52:52] CHECK PLUS: MJBY-DVZL-LMGU
[2025-12-12 17:52:54] CHECK PLUS RESPONSE: {"success":true,"has_plus":true,"product_name":"Thành viên Plus (7 Ngày)","price":20000}

[2025-12-12 19:49:18] CHECK PLUS: KMEE-ZDZL-LMGC
[2025-12-12 19:49:21] CHECK PLUS RESPONSE: {"success":true,"has_plus":false,"message":"Không Tìm Thấy Gói Plus"}

[2025-12-12 22:11:04] CHECK PLUS: MJBY-DVZL-LMGU
[2025-12-12 22:11:08] CHECK PLUS RESPONSE: {"success":true,"has_plus":true,"product_name":"Thành viên Plus (7 Ngày)","price":20000}

[2025-12-13 15:10:35] CHECK PLUS: QM7G-YDRL-LMYY
[2025-12-13 15:10:37] CHECK PLUS RESPONSE: {"success":true,"has_plus":true,"product_name":"Thành viên Plus (7 Ngày)","price":20000}

[2025-12-15 16:49:25] CHECK PLUS: 6JBX-BUZL-LMGC
[2025-12-15 16:49:28] CHECK PLUS RESPONSE: {"success":true,"has_plus":true,"product_name":"Thành viên Plus (7 Ngày)","price":20000}

[2025-12-17 19:11:18] CHECK PLUS: HMGB-ZSHL-LMYG
[2025-12-17 19:11:20] CHECK PLUS RESPONSE: {"success":true,"has_plus":true,"product_name":"Thành viên Plus (7 Ngày)","price":20000}

[2025-12-22 18:21:08] CHECK PLUS: WM8Y-VUHL-LMGU
[2025-12-22 18:21:11] CHECK PLUS RESPONSE: {"success":true,"has_plus":false,"message":"Không Tìm Thấy Gói Plus"}

[2025-12-22 18:21:24] CHECK PLUS: WM8Y-VUHL-LMGU
[2025-12-22 18:21:26] CHECK PLUS RESPONSE: {"success":true,"has_plus":false,"message":"Không Tìm Thấy Gói Plus"}

[2025-12-23 19:29:56] CHECK PLUS: EMDW-BSHL-LMYG
[2025-12-23 19:29:59] CHECK PLUS RESPONSE: {"success":true,"has_plus":true,"product_name":"Thành viên Plus (7 Ngày)","price":20000}

[2025-12-27 08:30:00] CHECK PLUS: CKCE-ZBHL-LMGG
[2025-12-27 08:30:02] CHECK PLUS RESPONSE: {"success":true,"has_plus":false,"message":"Không Tìm Thấy Gói Plus"}

[2025-12-27 08:31:05] CHECK PLUS: CKCE-ZBHL-LMGG
[2025-12-27 08:31:07] CHECK PLUS RESPONSE: {"success":true,"has_plus":false,"message":"Không Tìm Thấy Gói Plus"}

[2025-12-27 08:31:54] CHECK PLUS: CKCE-ZBHL-LMGG
[2025-12-27 08:31:56] CHECK PLUS RESPONSE: {"success":true,"has_plus":false,"message":"Không Tìm Thấy Gói Plus"}

[2025-12-27 10:42:10] CHECK PLUS: BMBT-VTZL-LMYU
[2025-12-27 10:42:12] CHECK PLUS RESPONSE: {"success":true,"has_plus":false,"message":"Không Tìm Thấy Gói Plus"}

[2025-12-27 10:43:48] CHECK PLUS: BMBT-VTZL-LMYU
[2025-12-27 10:43:51] CHECK PLUS RESPONSE: {"success":true,"has_plus":false,"message":"Không Tìm Thấy Gói Plus"}

[2025-12-27 10:45:20] CHECK PLUS: BMBT-VTZL-LMYU
[2025-12-27 10:45:23] CHECK PLUS RESPONSE: {"success":true,"has_plus":false,"message":"Không Tìm Thấy Gói Plus"}

[2025-12-27 10:49:24] CHECK PLUS: BMBT-VTZL-LMYU
[2025-12-27 10:49:26] CHECK PLUS RESPONSE: {"success":true,"has_plus":false,"message":"Không Tìm Thấy Gói Plus"}

[2025-12-27 10:49:30] CHECK PLUS: BMBT-VTZL-LMYU
[2025-12-27 10:49:33] CHECK PLUS RESPONSE: {"success":true,"has_plus":false,"message":"Không Tìm Thấy Gói Plus"}

[2025-12-27 21:22:28] CHECK PLUS: CKCE-ZBHL-LMGG
[2025-12-27 21:22:31] CHECK PLUS RESPONSE: {"success":true,"has_plus":true,"product_name":"Thành viên Plus (7 Ngày)","price":20000}

[2025-12-28 19:15:14] CHECK PLUS: MM2C-DTHL-LMYC
[2025-12-28 19:15:17] CHECK PLUS RESPONSE: {"success":true,"has_plus":true,"product_name":"Thành viên Plus (7 Ngày)","price":20000}

[2025-12-29 11:37:16] CHECK PLUS: NM7W-DVZL-LMYU
[2025-12-29 11:37:19] CHECK PLUS RESPONSE: {"success":true,"has_plus":true,"product_name":"Thành viên Plus (7 Ngày)","price":20000}

[2025-12-29 19:42:11] CHECK PLUS: DK8Z-HSRL-LMYU
[2025-12-29 19:42:15] CHECK PLUS RESPONSE: {"success":true,"has_plus":true,"product_name":"Thành viên Plus (7 Ngày)","price":20000}

[2025-12-29 20:13:41] CHECK PLUS: DK8Z-HSRL-LMYU
[2025-12-29 20:13:43] CHECK PLUS RESPONSE: {"success":true,"has_plus":true,"product_name":"Thành viên Plus (7 Ngày)","price":20000}

[2025-12-30 18:15:07] CHECK PLUS: 6JBX-BUZL-LMGC
[2025-12-30 18:15:10] CHECK PLUS RESPONSE: {"success":true,"has_plus":true,"product_name":"Thành viên Plus (7 Ngày)","price":20000}

[2025-12-30 19:17:53] CHECK PLUS: 2K5F-VSHL-LMGG
[2025-12-30 19:17:55] CHECK PLUS RESPONSE: {"success":true,"has_plus":true,"product_name":"Thành viên Plus (7 Ngày)","price":20000}

[2025-12-31 07:07:22] CHECK PLUS: GJ2C-HSHL-LMYY
[2025-12-31 07:07:25] CHECK PLUS RESPONSE: {"success":true,"has_plus":true,"product_name":"Thành viên Plus (7 Ngày)","price":20000}

[2025-12-31 18:58:10] CHECK PLUS: JM7U-ZUHL-LMYG
[2025-12-31 18:58:12] CHECK PLUS RESPONSE: {"success":true,"has_plus":true,"product_name":"Thành viên Plus (7 Ngày)","price":20000}

[2026-01-01 02:32:54] CHECK PLUS: DKAS-XSHL-LMGC
[2026-01-01 02:32:57] CHECK PLUS RESPONSE: {"success":true,"has_plus":true,"product_name":"Thành viên Plus (7 Ngày)","price":20000}

[2026-01-01 02:33:09] CHECK PLUS: DKAS-XSHL-LMGC
[2026-01-01 02:33:12] CHECK PLUS RESPONSE: {"success":true,"has_plus":false,"message":"Không Tìm Thấy Gói Plus"}

[2026-01-01 02:35:18] CHECK PLUS: DKAS-XSHL-LMGC
[2026-01-01 02:35:20] CHECK PLUS RESPONSE: {"success":true,"has_plus":false,"message":"Không Tìm Thấy Gói Plus"}

[2026-01-01 09:45:54] CHECK PLUS: TJ4C-TTZL-LMGG
[2026-01-01 09:45:57] CHECK PLUS RESPONSE: {"success":true,"has_plus":true,"product_name":"Thành viên Plus (7 Ngày)","price":20000}

[2026-01-01 09:53:44] CHECK PLUS: TJ4C-TTZL-LMGG
[2026-01-01 09:53:46] CHECK PLUS RESPONSE: {"success":true,"has_plus":true,"product_name":"Thành viên Plus (7 Ngày)","price":20000}

[2026-01-04 23:55:19] CHECK PLUS: MM2C-DTHL-LMYC
[2026-01-04 23:55:22] CHECK PLUS RESPONSE: {"success":true,"has_plus":false,"message":"Không Tìm Thấy Gói Plus"}

[2026-01-05 15:40:05] CHECK PLUS: DKAS-XSHL-LMGC
[2026-01-05 15:40:08] CHECK PLUS RESPONSE: {"success":true,"has_plus":false,"message":"Không Tìm Thấy Gói Plus"}

[2026-01-07 09:41:05] CHECK PLUS: 6JBX-BUZL-LMGC
[2026-01-07 09:41:08] CHECK PLUS RESPONSE: {"success":true,"has_plus":false,"message":"Không Tìm Thấy Gói Plus"}

[2026-01-08 10:44:12] CHECK PLUS: MM2C-DTHL-LMYC
[2026-01-08 10:44:14] CHECK PLUS RESPONSE: {"success":true,"has_plus":false,"message":"Không Tìm Thấy Gói Plus"}

[2026-01-08 10:44:19] CHECK PLUS: MM2C-DTHL-LMYC
[2026-01-08 10:44:22] CHECK PLUS RESPONSE: {"success":true,"has_plus":false,"message":"Không Tìm Thấy Gói Plus"}

[2026-01-08 10:44:23] CHECK PLUS: MM2C-DTHL-LMYC
[2026-01-08 10:44:26] CHECK PLUS RESPONSE: {"success":true,"has_plus":false,"message":"Không Tìm Thấy Gói Plus"}

[2026-01-08 10:53:17] CHECK PLUS: MM2C-DTHL-LMYC
[2026-01-08 10:53:19] CHECK PLUS RESPONSE: {"success":true,"has_plus":false,"message":"Không Tìm Thấy Gói Plus"}

[2026-01-08 10:56:25] CHECK PLUS: MM2C-DTHL-LMYC
[2026-01-08 10:56:27] CHECK PLUS RESPONSE: {"success":true,"has_plus":false,"message":"Không Tìm Thấy Gói Plus"}

[2026-01-08 10:56:28] CHECK PLUS: MM2C-DTHL-LMYC
[2026-01-08 10:56:30] CHECK PLUS RESPONSE: {"success":true,"has_plus":false,"message":"Không Tìm Thấy Gói Plus"}

[2026-01-08 10:57:22] CHECK PLUS: MM2C-DTHL-LMYC
[2026-01-08 10:57:24] CHECK PLUS RESPONSE: {"success":true,"has_plus":false,"message":"Không Tìm Thấy Gói Plus"}

[2026-01-08 18:34:13] CHECK PLUS: PJ4B-B3ZL-LMYY
[2026-01-08 18:34:15] CHECK PLUS RESPONSE: {"success":true,"has_plus":false,"message":"Không Tìm Thấy Gói Plus"}

[2026-01-08 18:34:27] CHECK PLUS: PJ4B-B3ZL-LMYY
[2026-01-08 18:34:29] CHECK PLUS RESPONSE: {"success":true,"has_plus":false,"message":"Không Tìm Thấy Gói Plus"}

[2026-01-08 19:56:38] CHECK PLUS: DK8Z-HSRL-LMYU
[2026-01-08 19:56:41] CHECK PLUS RESPONSE: {"success":true,"has_plus":false,"message":"Không Tìm Thấy Gói Plus"}

[2026-01-08 20:13:41] CHECK PLUS: DK8Z-HSRL-LMYU
[2026-01-08 20:13:43] CHECK PLUS RESPONSE: {"success":true,"has_plus":false,"message":"Không Tìm Thấy Gói Plus"}

[2026-01-08 20:13:45] CHECK PLUS: DK8Z-HSRL-LMYU
[2026-01-08 20:13:48] CHECK PLUS RESPONSE: {"success":true,"has_plus":false,"message":"Không Tìm Thấy Gói Plus"}

[2026-01-08 20:13:58] CHECK PLUS: DK8Z-HSRL-LMYU
[2026-01-08 20:14:01] CHECK PLUS RESPONSE: {"success":true,"has_plus":false,"message":"Không Tìm Thấy Gói Plus"}

[2026-01-08 20:14:07] CHECK PLUS: DK8Z-HSRL-LMYU
[2026-01-08 20:14:09] CHECK PLUS RESPONSE: {"success":true,"has_plus":false,"message":"Không Tìm Thấy Gói Plus"}

[2026-01-08 20:14:11] CHECK PLUS: DK8Z-HSRL-LMYU
[2026-01-08 20:14:14] CHECK PLUS RESPONSE: {"success":true,"has_plus":false,"message":"Không Tìm Thấy Gói Plus"}

[2026-01-08 21:39:01] CHECK PLUS: PJ4B-B3ZL-LMYY
[2026-01-08 21:39:04] CHECK PLUS RESPONSE: {"success":true,"has_plus":false,"message":"Không Tìm Thấy Gói Plus"}

[2026-01-08 22:12:45] CHECK PLUS: PJ4B-B3ZL-LMYY
[2026-01-08 22:12:48] CHECK PLUS RESPONSE: {"success":true,"has_plus":false,"message":"Không Tìm Thấy Gói Plus"}

[2026-01-08 22:12:58] CHECK PLUS: PJ4B-B3ZL-LMYY
[2026-01-08 22:13:00] CHECK PLUS RESPONSE: {"success":true,"has_plus":false,"message":"Không Tìm Thấy Gói Plus"}

[2026-01-09 05:56:23] CHECK PLUS: PJ4B-B3ZL-LMYY
[2026-01-09 05:56:26] CHECK PLUS RESPONSE: {"success":true,"has_plus":false,"message":"Không Tìm Thấy Gói Plus"}

[2026-01-09 05:57:15] CHECK PLUS: PJ4B-B3ZL-LMYY
[2026-01-09 05:57:18] CHECK PLUS RESPONSE: {"success":true,"has_plus":false,"message":"Không Tìm Thấy Gói Plus"}

[2026-01-09 10:12:24] CHECK PLUS: DK8Z-HSRL-LMYU
[2026-01-09 10:12:26] CHECK PLUS RESPONSE: {"success":true,"has_plus":false,"message":"Không Tìm Thấy Gói Plus"}

[2026-01-09 10:16:16] CHECK PLUS: DK8Z-HSRL-LMYU
[2026-01-09 10:16:18] CHECK PLUS RESPONSE: {"success":true,"has_plus":false,"message":"Không Tìm Thấy Gói Plus"}

[2026-01-09 10:24:24] CHECK PLUS: BMBT-VTZL-LMYU
[2026-01-09 10:24:26] CHECK PLUS RESPONSE: {"success":true,"has_plus":false,"message":"Không Tìm Thấy Gói Plus"}

[2026-01-09 10:24:45] CHECK PLUS: BMBT-VTZL-LMYU
[2026-01-09 10:24:48] CHECK PLUS RESPONSE: {"success":true,"has_plus":false,"message":"Không Tìm Thấy Gói Plus"}

[2026-01-09 10:25:57] CHECK PLUS: BMBT-VTZL-LMYU
[2026-01-09 10:26:00] CHECK PLUS RESPONSE: {"success":true,"has_plus":false,"message":"Không Tìm Thấy Gói Plus"}

[2026-01-09 10:26:03] CHECK PLUS: BMBT-VTZL-LMYU
[2026-01-09 10:26:06] CHECK PLUS RESPONSE: {"success":true,"has_plus":false,"message":"Không Tìm Thấy Gói Plus"}

[2026-01-09 10:27:31] CHECK PLUS: BMBT-VTZL-LMYU
[2026-01-09 10:27:33] CHECK PLUS RESPONSE: {"success":true,"has_plus":false,"message":"Không Tìm Thấy Gói Plus"}

[2026-01-09 10:28:46] CHECK PLUS: BMBT-VTZL-LMYU
[2026-01-09 10:28:49] CHECK PLUS RESPONSE: {"success":true,"has_plus":false,"message":"Không Tìm Thấy Gói Plus"}

[2026-01-09 10:36:34] CHECK PLUS: DK8Z-HSRL-LMYU
[2026-01-09 10:36:37] CHECK PLUS RESPONSE: {"success":true,"has_plus":false,"message":"Không Tìm Thấy Gói Plus"}

[2026-01-09 11:35:44] CHECK PLUS: BMBT-VTZL-LMYU
[2026-01-09 11:35:47] CHECK PLUS RESPONSE: {"success":true,"has_plus":false,"message":"Không Tìm Thấy Gói Plus"}

[2026-01-09 12:11:04] CHECK PLUS: DKAS-XSHL-LMGC
[2026-01-09 12:11:07] CHECK PLUS RESPONSE: {"success":true,"has_plus":false,"message":"Không Tìm Thấy Gói Plus"}

[2026-01-09 17:24:45] CHECK PLUS: PJ4B-B3ZL-LMYY
[2026-01-09 17:24:47] CHECK PLUS RESPONSE: {"success":true,"has_plus":false,"message":"Không Tìm Thấy Gói Plus"}

[2026-01-09 19:31:25] CHECK PLUS: DK8Z-HSRL-LMYU
[2026-01-09 19:31:27] CHECK PLUS RESPONSE: {"success":true,"has_plus":true,"product_name":"Thành viên Plus (7 Ngày)","price":20000}

[2026-01-11 17:41:22] CHECK PLUS: WLGS-D4ZL-LMYY
[2026-01-11 17:41:24] CHECK PLUS RESPONSE: {"success":true,"has_plus":true,"product_name":"Thành viên Plus (7 Ngày)","price":20000}

[2026-01-11 18:14:51] CHECK PLUS: TJ4C-TTZL-LMGG
[2026-01-11 18:14:53] CHECK PLUS RESPONSE: {"success":true,"has_plus":true,"product_name":"Thành viên Plus (7 Ngày)","price":20000}

[2026-01-12 19:59:07] CHECK PLUS: 2M2Z-T4RL-LMGG
[2026-01-12 19:59:10] CHECK PLUS RESPONSE: {"success":true,"has_plus":true,"product_name":"Thành viên Plus (7 Ngày)","price":20000}

[2026-01-16 20:38:18] CHECK PLUS: VKDT-DVZL-LMYG
[2026-01-16 20:38:21] CHECK PLUS RESPONSE: {"success":true,"has_plus":false,"message":"Không Tìm Thấy Gói Plus"}

[2026-01-16 20:38:28] CHECK PLUS: VKDT-DVZL-LMYG
[2026-01-16 20:38:31] CHECK PLUS RESPONSE: {"success":true,"has_plus":false,"message":"Không Tìm Thấy Gói Plus"}

[2026-01-17 10:23:40] CHECK PLUS: YK4A-FS9L-LMYC
[2026-01-17 10:23:43] CHECK PLUS RESPONSE: {"success":true,"has_plus":false,"message":"Không Tìm Thấy Gói Plus"}

[2026-01-17 13:32:56] CHECK PLUS: JJ4G-HSHL-LMGG
[2026-01-17 13:32:59] CHECK PLUS RESPONSE: {"success":true,"has_plus":false,"message":"Không Tìm Thấy Gói Plus"}

[2026-01-17 21:38:24] CHECK PLUS: VKAC-VSHL-LMYG
[2026-01-17 21:38:28] CHECK PLUS RESPONSE: {"success":true,"has_plus":true,"product_name":"Thành viên Plus (7 Ngày)","price":20000}

[2026-01-22 17:09:25] CHECK PLUS: YK4A-FS9L-LMYC
[2026-01-22 17:09:28] CHECK PLUS RESPONSE: {"success":true,"has_plus":false,"message":"Không Tìm Thấy Gói Plus"}

[2026-01-22 17:09:32] CHECK PLUS: YK4A-FS9L-LMYC
[2026-01-22 17:09:35] CHECK PLUS RESPONSE: {"success":true,"has_plus":false,"message":"Không Tìm Thấy Gói Plus"}

[2026-01-23 09:14:07] CHECK PLUS: GMDS-DD9L-LMGC
[2026-01-23 09:14:09] CHECK PLUS RESPONSE: {"success":true,"has_plus":true,"product_name":"Thành viên Plus (7 Ngày)","price":20000}

[2026-01-23 22:25:21] CHECK PLUS: ULCX-TS9L-LMYU
[2026-01-23 22:25:24] CHECK PLUS RESPONSE: {"success":true,"has_plus":true,"product_name":"Thành viên Plus (7 Ngày)","price":20000}

[2026-01-23 23:28:29] CHECK PLUS: 6LFH-VSRL-LMGY
[2026-01-23 23:28:31] CHECK PLUS RESPONSE: {"success":true,"has_plus":true,"product_name":"Thành viên Plus (7 Ngày)","price":20000}

[2026-01-23 23:35:21] CHECK PLUS: 6LFH-VSRL-LMGY
[2026-01-23 23:35:23] CHECK PLUS RESPONSE: {"success":true,"has_plus":true,"product_name":"Thành viên Plus (7 Ngày)","price":20000}

[2026-01-25 19:52:09] CHECK PLUS: 6M6D-ZTRL-LMGG
[2026-01-25 19:52:12] CHECK PLUS RESPONSE: {"success":true,"has_plus":true,"product_name":"Thành viên Plus (7 Ngày)","price":20000}

[2026-01-26 17:17:40] CHECK PLUS: YJ6H-VTZL-LMGU
[2026-01-26 17:17:42] CHECK PLUS RESPONSE: {"success":true,"has_plus":true,"product_name":"Thành viên Plus (7 Ngày)","price":20000}

